{"level":"info","message":"User retrieved: masteradmin","timestamp":"2024-05-18 00:00:09"}
{"level":"info","message":"User retrieved: masteradmin","timestamp":"2024-05-18 00:00:10"}
{"level":"info","message":"User retrieved: masteradmin","timestamp":"2024-05-18 00:00:48"}
{"level":"info","message":"User retrieved: masteradmin","timestamp":"2024-05-18 00:00:49"}
{"level":"info","message":"User retrieved: masteradmin","timestamp":"2024-05-18 00:04:44"}
{"level":"info","message":"User retrieved: masteradmin","timestamp":"2024-05-18 00:04:56"}
{"level":"info","message":"User retrieved: masteradmin","timestamp":"2024-05-18 00:05:08"}
{"level":"info","message":"User retrieved: masteradmin","timestamp":"2024-05-18 00:05:08"}
{"level":"info","message":"User retrieved: masteradmin","timestamp":"2024-05-18 00:49:45"}
{"level":"info","message":"User retrieved: masteradmin","timestamp":"2024-05-18 00:49:46"}
{"level":"info","message":"User retrieved: masteradmin","timestamp":"2024-05-18 00:50:27"}
{"level":"info","message":"User retrieved: masteradmin","timestamp":"2024-05-18 00:50:28"}
{"level":"info","message":"User retrieved: masteradmin","timestamp":"2024-05-18 00:50:35"}
{"level":"info","message":"User retrieved: masteradmin","timestamp":"2024-05-18 00:50:36"}
{"level":"info","message":"User retrieved: masteradmin","timestamp":"2024-05-18 00:52:08"}
{"level":"info","message":"User retrieved: masteradmin","timestamp":"2024-05-18 00:52:08"}
{"level":"info","message":"User retrieved: masteradmin","timestamp":"2024-05-18 00:52:19"}
{"level":"info","message":"User retrieved: masteradmin","timestamp":"2024-05-18 00:52:20"}
{"level":"info","message":"User retrieved: masteradmin","timestamp":"2024-05-18 00:53:26"}
{"level":"info","message":"User retrieved: masteradmin","timestamp":"2024-05-18 00:53:27"}
{"level":"info","message":"User retrieved: masteradmin","timestamp":"2024-05-18 00:54:18"}
{"level":"info","message":"User retrieved: masteradmin","timestamp":"2024-05-18 00:54:19"}
{"level":"info","message":"User retrieved: masteradmin","timestamp":"2024-05-18 00:54:46"}
{"level":"info","message":"User retrieved: masteradmin","timestamp":"2024-05-18 00:54:48"}
{"level":"info","message":"User retrieved: masteradmin","timestamp":"2024-05-18 00:55:10"}
{"level":"info","message":"User retrieved: masteradmin","timestamp":"2024-05-18 00:55:12"}
{"level":"info","message":"User retrieved: masteradmin","timestamp":"2024-05-18 00:56:03"}
{"level":"info","message":"User retrieved: masteradmin","timestamp":"2024-05-18 00:56:04"}
{"level":"info","message":"User retrieved: masteradmin","timestamp":"2024-05-18 00:57:31"}
{"level":"info","message":"User retrieved: masteradmin","timestamp":"2024-05-18 00:57:32"}
{"level":"info","message":"User retrieved: masteradmin","timestamp":"2024-05-18 00:57:48"}
{"level":"info","message":"User retrieved: masteradmin","timestamp":"2024-05-18 00:57:48"}
{"level":"info","message":"User retrieved: masteradmin","timestamp":"2024-05-18 00:58:15"}
{"level":"info","message":"User retrieved: masteradmin","timestamp":"2024-05-18 00:58:15"}
{"level":"info","message":"User retrieved: masteradmin","timestamp":"2024-05-18 00:58:36"}
{"level":"info","message":"User retrieved: masteradmin","timestamp":"2024-05-18 00:58:36"}
{"level":"info","message":"User retrieved: masteradmin","timestamp":"2024-05-18 00:59:06"}
{"level":"info","message":"User retrieved: masteradmin","timestamp":"2024-05-18 00:59:10"}
{"level":"info","message":"User retrieved: masteradmin","timestamp":"2024-05-18 00:59:19"}
{"level":"info","message":"User retrieved: masteradmin","timestamp":"2024-05-18 00:59:20"}
{"level":"info","message":"User retrieved: masteradmin","timestamp":"2024-05-18 01:01:33"}
{"level":"info","message":"User retrieved: masteradmin","timestamp":"2024-05-18 01:01:34"}
{"level":"info","message":"User retrieved: masteradmin","timestamp":"2024-05-18 01:02:11"}
{"level":"info","message":"User retrieved: masteradmin","timestamp":"2024-05-18 01:02:11"}
{"level":"info","message":"User retrieved: masteradmin","timestamp":"2024-05-18 01:02:32"}
{"level":"info","message":"User retrieved: masteradmin","timestamp":"2024-05-18 01:02:33"}
{"level":"info","message":"User retrieved: masteradmin","timestamp":"2024-05-18 01:03:01"}
{"level":"info","message":"User retrieved: masteradmin","timestamp":"2024-05-18 01:03:01"}
{"level":"info","message":"User retrieved: masteradmin","timestamp":"2024-05-18 01:03:12"}
{"level":"info","message":"User retrieved: masteradmin","timestamp":"2024-05-18 01:03:13"}
{"level":"info","message":"User retrieved: masteradmin","timestamp":"2024-05-18 01:05:30"}
{"level":"info","message":"User retrieved: masteradmin","timestamp":"2024-05-18 01:05:32"}
{"level":"info","message":"User retrieved: masteradmin","timestamp":"2024-05-18 01:05:42"}
{"level":"info","message":"User retrieved: masteradmin","timestamp":"2024-05-18 01:05:43"}
{"level":"info","message":"User retrieved: masteradmin","timestamp":"2024-05-18 01:05:52"}
{"level":"info","message":"User retrieved: masteradmin","timestamp":"2024-05-18 01:05:53"}
{"level":"info","message":"User retrieved: masteradmin","timestamp":"2024-05-18 01:06:28"}
{"level":"info","message":"User retrieved: masteradmin","timestamp":"2024-05-18 01:06:29"}
{"level":"info","message":"User retrieved: masteradmin","timestamp":"2024-05-18 01:06:41"}
{"level":"info","message":"User retrieved: masteradmin","timestamp":"2024-05-18 01:06:42"}
{"level":"info","message":"User retrieved: masteradmin","timestamp":"2024-05-18 01:06:56"}
{"level":"info","message":"User retrieved: masteradmin","timestamp":"2024-05-18 01:06:57"}
{"level":"info","message":"User retrieved: masteradmin","timestamp":"2024-05-18 01:07:54"}
{"level":"info","message":"User retrieved: masteradmin","timestamp":"2024-05-18 01:07:55"}
{"level":"info","message":"User retrieved: masteradmin","timestamp":"2024-05-18 01:09:19"}
{"level":"info","message":"User retrieved: masteradmin","timestamp":"2024-05-18 01:09:20"}
{"level":"info","message":"User retrieved: masteradmin","timestamp":"2024-05-18 01:11:16"}
{"level":"info","message":"User retrieved: masteradmin","timestamp":"2024-05-18 01:11:19"}
{"level":"info","message":"User retrieved: masteradmin","timestamp":"2024-05-18 01:11:44"}
{"level":"info","message":"User retrieved: masteradmin","timestamp":"2024-05-18 01:11:45"}
{"level":"info","message":"User retrieved: masteradmin","timestamp":"2024-05-18 01:12:46"}
{"level":"info","message":"User retrieved: masteradmin","timestamp":"2024-05-18 01:12:46"}
{"level":"info","message":"User retrieved: masteradmin","timestamp":"2024-05-18 01:12:59"}
{"level":"info","message":"User retrieved: masteradmin","timestamp":"2024-05-18 01:12:59"}
{"level":"info","message":"User retrieved: masteradmin","timestamp":"2024-05-18 01:13:20"}
{"level":"info","message":"User retrieved: masteradmin","timestamp":"2024-05-18 01:13:21"}
{"level":"info","message":"User retrieved: masteradmin","timestamp":"2024-05-18 01:14:00"}
{"level":"info","message":"User retrieved: masteradmin","timestamp":"2024-05-18 01:14:01"}
{"level":"info","message":"User retrieved: masteradmin","timestamp":"2024-05-18 01:16:30"}
{"level":"info","message":"User retrieved: masteradmin","timestamp":"2024-05-18 01:16:31"}
{"level":"info","message":"User retrieved: masteradmin","timestamp":"2024-05-18 01:17:56"}
{"level":"info","message":"User retrieved: masteradmin","timestamp":"2024-05-18 01:17:57"}
{"level":"info","message":"User retrieved: masteradmin","timestamp":"2024-05-18 01:18:14"}
{"level":"info","message":"User retrieved: masteradmin","timestamp":"2024-05-18 01:18:15"}
{"level":"info","message":"User retrieved: masteradmin","timestamp":"2024-05-18 01:21:20"}
{"level":"info","message":"User retrieved: masteradmin","timestamp":"2024-05-18 01:21:21"}
{"level":"info","message":"User retrieved: masteradmin","timestamp":"2024-05-18 01:23:34"}
{"level":"info","message":"User retrieved: masteradmin","timestamp":"2024-05-18 01:23:36"}
{"level":"info","message":"User retrieved: masteradmin","timestamp":"2024-05-18 01:25:47"}
{"level":"info","message":"User retrieved: masteradmin","timestamp":"2024-05-18 01:25:49"}
{"level":"info","message":"User retrieved: masteradmin","timestamp":"2024-05-18 01:28:40"}
{"level":"info","message":"User retrieved: masteradmin","timestamp":"2024-05-18 01:28:42"}
{"level":"info","message":"User retrieved: masteradmin","timestamp":"2024-05-18 01:31:48"}
{"level":"info","message":"User retrieved: masteradmin","timestamp":"2024-05-18 01:31:50"}
{"level":"info","message":"User retrieved: masteradmin","timestamp":"2024-05-18 01:32:29"}
{"level":"info","message":"User retrieved: masteradmin","timestamp":"2024-05-18 01:32:29"}
{"level":"info","message":"User retrieved: masteradmin","timestamp":"2024-05-18 01:32:41"}
{"level":"info","message":"User retrieved: masteradmin","timestamp":"2024-05-18 01:32:42"}
{"level":"info","message":"User retrieved: masteradmin","timestamp":"2024-05-18 01:35:53"}
{"level":"info","message":"User retrieved: masteradmin","timestamp":"2024-05-18 01:35:54"}
{"level":"info","message":"User retrieved: masteradmin","timestamp":"2024-05-18 01:38:51"}
{"level":"info","message":"User retrieved: masteradmin","timestamp":"2024-05-18 01:38:51"}
{"level":"error","message":"API Error: Invalid file type. Only JPEG, PNG, WEBP, JPG, GIF are allowed.","method":"PUT","path":"/api/updateUserImage/661e35196717a0283a498739","stack":"No additional details provided.","status":500,"timestamp":"2024-05-18 01:39:10"}
{"_message":"AuditLog validation failed","errors":{"targetDoc":{"kind":"ObjectId","message":"Cast to ObjectId failed for value \"/api/updateUserImage/661e35196717a0283a498739\" (type string) at path \"targetDoc\" because of \"BSONError\"","name":"CastError","path":"targetDoc","reason":{},"stringValue":"\"/api/updateUserImage/661e35196717a0283a498739\"","value":"/api/updateUserImage/661e35196717a0283a498739","valueType":"string"}},"level":"error","message":"Error creating audit log:  AuditLog validation failed: targetDoc: Cast to ObjectId failed for value \"/api/updateUserImage/661e35196717a0283a498739\" (type string) at path \"targetDoc\" because of \"BSONError\"","stack":"ValidationError: AuditLog validation failed: targetDoc: Cast to ObjectId failed for value \"/api/updateUserImage/661e35196717a0283a498739\" (type string) at path \"targetDoc\" because of \"BSONError\"\n    at Document.invalidate (C:\\Users\\Javier\\Documents\\proyectos\\e-commerce\\back\\node_modules\\mongoose\\lib\\document.js:3200:32)\n    at model.$set (C:\\Users\\Javier\\Documents\\proyectos\\e-commerce\\back\\node_modules\\mongoose\\lib\\document.js:1459:12)\n    at model.$set (C:\\Users\\Javier\\Documents\\proyectos\\e-commerce\\back\\node_modules\\mongoose\\lib\\document.js:1113:16)\n    at model.Document (C:\\Users\\Javier\\Documents\\proyectos\\e-commerce\\back\\node_modules\\mongoose\\lib\\document.js:166:12)\n    at model.Model (C:\\Users\\Javier\\Documents\\proyectos\\e-commerce\\back\\node_modules\\mongoose\\lib\\model.js:130:12)\n    at new model (C:\\Users\\Javier\\Documents\\proyectos\\e-commerce\\back\\node_modules\\mongoose\\lib\\model.js:4802:15)\n    at C:\\Users\\Javier\\Documents\\proyectos\\e-commerce\\back\\node_modules\\mongoose\\lib\\model.js:2944:20\n    at Array.map (<anonymous>)\n    at Function.create (C:\\Users\\Javier\\Documents\\proyectos\\e-commerce\\back\\node_modules\\mongoose\\lib\\model.js:2932:34)\n    at logAudit (C:\\Users\\Javier\\Documents\\proyectos\\e-commerce\\back\\helpers\\logAuditHelper.js:22:24)","timestamp":"2024-05-18 01:39:10"}
{"level":"info","message":"User retrieved: masteradmin","timestamp":"2024-05-18 01:39:52"}
{"level":"info","message":"User retrieved: masteradmin","timestamp":"2024-05-18 01:39:54"}
{"level":"warn","message":"Failed login attempt for user: masteradmin from IP: ::ffff:127.0.0.1","timestamp":"2024-05-18 01:42:00"}
{"level":"error","message":"Login error for user masteradmin: Invalid credentials","stack":"Error: Invalid credentials\n    at loginUser (C:\\Users\\Javier\\Documents\\proyectos\\e-commerce\\back\\controllers\\AuthControllers.js:123:19)\n    at process.processTicksAndRejections (node:internal/process/task_queues:95:5)","timestamp":"2024-05-18 01:42:00"}
{"level":"error","message":"API Error: Invalid credentials","method":"POST","path":"/api/loginUser","stack":"Failed login attempt for user: masteradmin from IP: ::ffff:127.0.0.1","status":401,"timestamp":"2024-05-18 01:42:00"}
{"level":"warn","message":"Login attempt for non-existing user: masteradmin1 from IP: ::ffff:127.0.0.1","timestamp":"2024-05-18 01:42:06"}
{"level":"error","message":"Login error for user masteradmin1: Invalid credentials","stack":"Error: Invalid credentials\n    at loginUser (C:\\Users\\Javier\\Documents\\proyectos\\e-commerce\\back\\controllers\\AuthControllers.js:75:19)\n    at process.processTicksAndRejections (node:internal/process/task_queues:95:5)","timestamp":"2024-05-18 01:42:06"}
{"level":"error","message":"API Error: Invalid credentials","method":"POST","path":"/api/loginUser","stack":"Login attempt for non-existing user: masteradmin1 from IP: ::ffff:127.0.0.1","status":401,"timestamp":"2024-05-18 01:42:06"}
{"level":"info","message":"User masteradmin Successful login","timestamp":"2024-05-18 01:42:38"}
{"level":"info","message":"User retrieved: masteradmin","timestamp":"2024-05-18 11:44:43"}
{"level":"info","message":"User retrieved: masteradmin","timestamp":"2024-05-18 11:44:43"}
{"level":"info","message":"User retrieved: masteradmin","timestamp":"2024-05-18 12:37:52"}
{"level":"info","message":"User retrieved: masteradmin","timestamp":"2024-05-18 12:37:53"}
{"level":"warn","message":"Login attempt for non-existing user: masteradmin1 from IP: ::ffff:127.0.0.1","timestamp":"2024-05-18 12:40:38"}
{"level":"error","message":"Login error for user masteradmin1: Invalid credentials","stack":"Error: Invalid credentials\n    at loginUser (C:\\Users\\Javier\\Documents\\proyectos\\e-commerce\\back\\controllers\\AuthControllers.js:75:19)\n    at process.processTicksAndRejections (node:internal/process/task_queues:95:5)","timestamp":"2024-05-18 12:40:38"}
{"level":"error","message":"API Error: Invalid credentials","method":"POST","path":"/api/loginUser","stack":"Login attempt for non-existing user: masteradmin1 from IP: ::ffff:127.0.0.1","status":401,"timestamp":"2024-05-18 12:40:38"}
{"level":"warn","message":"Login attempt for non-existing user: masteradmin1 from IP: ::ffff:127.0.0.1","timestamp":"2024-05-18 12:41:33"}
{"level":"error","message":"Login error for user masteradmin1: Invalid credentials","stack":"Error: Invalid credentials\n    at loginUser (C:\\Users\\Javier\\Documents\\proyectos\\e-commerce\\back\\controllers\\AuthControllers.js:75:19)\n    at process.processTicksAndRejections (node:internal/process/task_queues:95:5)","timestamp":"2024-05-18 12:41:33"}
{"level":"error","message":"API Error: Invalid credentials","method":"POST","path":"/api/loginUser","stack":"Login attempt for non-existing user: masteradmin1 from IP: ::ffff:127.0.0.1","status":401,"timestamp":"2024-05-18 12:41:33"}
{"level":"warn","message":"Login attempt for non-existing user: masteradmin1 from IP: ::ffff:127.0.0.1","timestamp":"2024-05-18 13:34:44"}
{"level":"error","message":"Login error for user masteradmin1: Invalid credentials","stack":"Error: Invalid credentials\n    at loginUser (C:\\Users\\Javier\\Documents\\proyectos\\e-commerce\\back\\controllers\\AuthControllers.js:75:19)\n    at process.processTicksAndRejections (node:internal/process/task_queues:95:5)","timestamp":"2024-05-18 13:34:44"}
{"level":"error","message":"API Error: Invalid credentials","method":"POST","path":"/api/loginUser","stack":"Login attempt for non-existing user: masteradmin1 from IP: ::ffff:127.0.0.1","status":401,"timestamp":"2024-05-18 13:34:44"}
{"level":"info","message":"User masteradmin Successful login","timestamp":"2024-05-18 13:34:46"}
{"level":"info","message":"User retrieved: masteradmin","timestamp":"2024-05-18 13:34:55"}
{"level":"info","message":"User retrieved: masteradmin","timestamp":"2024-05-18 13:34:55"}
{"level":"info","message":"User retrieved: masteradmin","timestamp":"2024-05-18 13:35:23"}
{"level":"info","message":"User retrieved: masteradmin","timestamp":"2024-05-18 13:35:24"}
{"level":"info","message":"User retrieved: masteradmin","timestamp":"2024-05-18 13:36:18"}
{"level":"info","message":"User retrieved: masteradmin","timestamp":"2024-05-18 13:36:19"}
{"level":"info","message":"User retrieved: masteradmin","timestamp":"2024-05-18 13:37:45"}
{"level":"info","message":"User retrieved: masteradmin","timestamp":"2024-05-18 13:37:45"}
{"level":"info","message":"User retrieved: masteradmin","timestamp":"2024-05-18 13:43:06"}
{"level":"info","message":"User retrieved: masteradmin","timestamp":"2024-05-18 13:43:07"}
{"level":"info","message":"User masteradmin Successful login","timestamp":"2024-05-18 13:43:16"}
{"level":"info","message":"User retrieved: masteradmin","timestamp":"2024-05-18 13:43:26"}
{"level":"info","message":"User retrieved: masteradmin","timestamp":"2024-05-18 13:43:26"}
{"level":"info","message":"User masteradmin Successful login","timestamp":"2024-05-18 13:43:41"}
{"level":"info","message":"User retrieved: masteradmin","timestamp":"2024-05-18 13:43:49"}
{"level":"info","message":"User retrieved: masteradmin","timestamp":"2024-05-18 13:43:49"}
{"level":"info","message":"User retrieved: masteradmin","timestamp":"2024-05-18 13:46:15"}
{"level":"info","message":"User retrieved: masteradmin","timestamp":"2024-05-18 13:46:16"}
{"level":"info","message":"User retrieved: masteradmin","timestamp":"2024-05-18 13:48:14"}
{"level":"info","message":"User retrieved: masteradmin","timestamp":"2024-05-18 13:48:15"}
{"level":"info","message":"User retrieved: masteradmin","timestamp":"2024-05-18 13:50:38"}
{"level":"info","message":"User retrieved: masteradmin","timestamp":"2024-05-18 13:50:39"}
{"level":"info","message":"User retrieved: masteradmin","timestamp":"2024-05-18 17:14:34"}
{"level":"info","message":"User retrieved: masteradmin","timestamp":"2024-05-18 17:14:35"}
{"level":"info","message":"User retrieved: masteradmin","timestamp":"2024-05-18 17:14:47"}
{"level":"info","message":"User retrieved: masteradmin","timestamp":"2024-05-18 17:14:47"}
{"level":"info","message":"User retrieved: masteradmin","timestamp":"2024-05-18 17:15:15"}
{"level":"info","message":"User retrieved: masteradmin","timestamp":"2024-05-18 17:15:16"}
{"level":"info","message":"User retrieved: masteradmin","timestamp":"2024-05-18 17:15:30"}
{"level":"info","message":"User retrieved: masteradmin","timestamp":"2024-05-18 17:15:30"}
{"level":"info","message":"User retrieved: masteradmin","timestamp":"2024-05-18 17:21:22"}
{"level":"info","message":"User retrieved: masteradmin","timestamp":"2024-05-18 17:21:23"}
{"level":"info","message":"User retrieved: masteradmin","timestamp":"2024-05-18 17:23:03"}
{"level":"info","message":"User retrieved: masteradmin","timestamp":"2024-05-18 17:23:03"}
{"level":"info","message":"User retrieved: masteradmin","timestamp":"2024-05-18 17:23:12"}
{"level":"info","message":"User retrieved: masteradmin","timestamp":"2024-05-18 17:23:12"}
{"level":"error","message":"API Error: Invalid file type. Only JPEG, PNG, WEBP, JPG, GIF are allowed.","method":"PUT","path":"/api/updateUserImage/661e35196717a0283a498739","stack":"No additional details provided.","status":500,"timestamp":"2024-05-18 17:25:19"}
{"_message":"AuditLog validation failed","errors":{"targetDoc":{"kind":"ObjectId","message":"Cast to ObjectId failed for value \"/api/updateUserImage/661e35196717a0283a498739\" (type string) at path \"targetDoc\" because of \"BSONError\"","name":"CastError","path":"targetDoc","reason":{},"stringValue":"\"/api/updateUserImage/661e35196717a0283a498739\"","value":"/api/updateUserImage/661e35196717a0283a498739","valueType":"string"}},"level":"error","message":"Error creating audit log:  AuditLog validation failed: targetDoc: Cast to ObjectId failed for value \"/api/updateUserImage/661e35196717a0283a498739\" (type string) at path \"targetDoc\" because of \"BSONError\"","stack":"ValidationError: AuditLog validation failed: targetDoc: Cast to ObjectId failed for value \"/api/updateUserImage/661e35196717a0283a498739\" (type string) at path \"targetDoc\" because of \"BSONError\"\n    at Document.invalidate (C:\\Users\\Javier\\Documents\\proyectos\\e-commerce\\back\\node_modules\\mongoose\\lib\\document.js:3200:32)\n    at model.$set (C:\\Users\\Javier\\Documents\\proyectos\\e-commerce\\back\\node_modules\\mongoose\\lib\\document.js:1459:12)\n    at model.$set (C:\\Users\\Javier\\Documents\\proyectos\\e-commerce\\back\\node_modules\\mongoose\\lib\\document.js:1113:16)\n    at model.Document (C:\\Users\\Javier\\Documents\\proyectos\\e-commerce\\back\\node_modules\\mongoose\\lib\\document.js:166:12)\n    at model.Model (C:\\Users\\Javier\\Documents\\proyectos\\e-commerce\\back\\node_modules\\mongoose\\lib\\model.js:130:12)\n    at new model (C:\\Users\\Javier\\Documents\\proyectos\\e-commerce\\back\\node_modules\\mongoose\\lib\\model.js:4802:15)\n    at C:\\Users\\Javier\\Documents\\proyectos\\e-commerce\\back\\node_modules\\mongoose\\lib\\model.js:2944:20\n    at Array.map (<anonymous>)\n    at Function.create (C:\\Users\\Javier\\Documents\\proyectos\\e-commerce\\back\\node_modules\\mongoose\\lib\\model.js:2932:34)\n    at logAudit (C:\\Users\\Javier\\Documents\\proyectos\\e-commerce\\back\\helpers\\logAuditHelper.js:22:24)","timestamp":"2024-05-18 17:25:19"}
{"level":"info","message":"User retrieved: masteradmin","timestamp":"2024-05-18 17:37:42"}
{"level":"info","message":"User retrieved: masteradmin","timestamp":"2024-05-18 17:37:43"}
{"level":"error","message":"API Error: Invalid file type. Only JPEG, PNG, WEBP, JPG, GIF are allowed.","method":"PUT","path":"/api/updateUserImage/661e35196717a0283a498739","stack":"No additional details provided.","status":500,"timestamp":"2024-05-18 17:39:16"}
{"_message":"AuditLog validation failed","errors":{"targetDoc":{"kind":"ObjectId","message":"Cast to ObjectId failed for value \"/api/updateUserImage/661e35196717a0283a498739\" (type string) at path \"targetDoc\" because of \"BSONError\"","name":"CastError","path":"targetDoc","reason":{},"stringValue":"\"/api/updateUserImage/661e35196717a0283a498739\"","value":"/api/updateUserImage/661e35196717a0283a498739","valueType":"string"}},"level":"error","message":"Error creating audit log:  AuditLog validation failed: targetDoc: Cast to ObjectId failed for value \"/api/updateUserImage/661e35196717a0283a498739\" (type string) at path \"targetDoc\" because of \"BSONError\"","stack":"ValidationError: AuditLog validation failed: targetDoc: Cast to ObjectId failed for value \"/api/updateUserImage/661e35196717a0283a498739\" (type string) at path \"targetDoc\" because of \"BSONError\"\n    at Document.invalidate (C:\\Users\\Javier\\Documents\\proyectos\\e-commerce\\back\\node_modules\\mongoose\\lib\\document.js:3200:32)\n    at model.$set (C:\\Users\\Javier\\Documents\\proyectos\\e-commerce\\back\\node_modules\\mongoose\\lib\\document.js:1459:12)\n    at model.$set (C:\\Users\\Javier\\Documents\\proyectos\\e-commerce\\back\\node_modules\\mongoose\\lib\\document.js:1113:16)\n    at model.Document (C:\\Users\\Javier\\Documents\\proyectos\\e-commerce\\back\\node_modules\\mongoose\\lib\\document.js:166:12)\n    at model.Model (C:\\Users\\Javier\\Documents\\proyectos\\e-commerce\\back\\node_modules\\mongoose\\lib\\model.js:130:12)\n    at new model (C:\\Users\\Javier\\Documents\\proyectos\\e-commerce\\back\\node_modules\\mongoose\\lib\\model.js:4802:15)\n    at C:\\Users\\Javier\\Documents\\proyectos\\e-commerce\\back\\node_modules\\mongoose\\lib\\model.js:2944:20\n    at Array.map (<anonymous>)\n    at Function.create (C:\\Users\\Javier\\Documents\\proyectos\\e-commerce\\back\\node_modules\\mongoose\\lib\\model.js:2932:34)\n    at logAudit (C:\\Users\\Javier\\Documents\\proyectos\\e-commerce\\back\\helpers\\logAuditHelper.js:22:24)","timestamp":"2024-05-18 17:39:16"}
{"level":"info","message":"User retrieved: masteradmin","timestamp":"2024-05-18 17:40:27"}
{"level":"info","message":"User retrieved: masteradmin","timestamp":"2024-05-18 17:40:28"}
{"level":"error","message":"API Error: Invalid file type. Only JPEG, PNG, WEBP, JPG, GIF are allowed.","method":"PUT","path":"/api/updateUserImage/661e35196717a0283a498739","stack":"No additional details provided.","status":500,"timestamp":"2024-05-18 17:40:40"}
{"_message":"AuditLog validation failed","errors":{"targetDoc":{"kind":"ObjectId","message":"Cast to ObjectId failed for value \"/api/updateUserImage/661e35196717a0283a498739\" (type string) at path \"targetDoc\" because of \"BSONError\"","name":"CastError","path":"targetDoc","reason":{},"stringValue":"\"/api/updateUserImage/661e35196717a0283a498739\"","value":"/api/updateUserImage/661e35196717a0283a498739","valueType":"string"}},"level":"error","message":"Error creating audit log:  AuditLog validation failed: targetDoc: Cast to ObjectId failed for value \"/api/updateUserImage/661e35196717a0283a498739\" (type string) at path \"targetDoc\" because of \"BSONError\"","stack":"ValidationError: AuditLog validation failed: targetDoc: Cast to ObjectId failed for value \"/api/updateUserImage/661e35196717a0283a498739\" (type string) at path \"targetDoc\" because of \"BSONError\"\n    at Document.invalidate (C:\\Users\\Javier\\Documents\\proyectos\\e-commerce\\back\\node_modules\\mongoose\\lib\\document.js:3200:32)\n    at model.$set (C:\\Users\\Javier\\Documents\\proyectos\\e-commerce\\back\\node_modules\\mongoose\\lib\\document.js:1459:12)\n    at model.$set (C:\\Users\\Javier\\Documents\\proyectos\\e-commerce\\back\\node_modules\\mongoose\\lib\\document.js:1113:16)\n    at model.Document (C:\\Users\\Javier\\Documents\\proyectos\\e-commerce\\back\\node_modules\\mongoose\\lib\\document.js:166:12)\n    at model.Model (C:\\Users\\Javier\\Documents\\proyectos\\e-commerce\\back\\node_modules\\mongoose\\lib\\model.js:130:12)\n    at new model (C:\\Users\\Javier\\Documents\\proyectos\\e-commerce\\back\\node_modules\\mongoose\\lib\\model.js:4802:15)\n    at C:\\Users\\Javier\\Documents\\proyectos\\e-commerce\\back\\node_modules\\mongoose\\lib\\model.js:2944:20\n    at Array.map (<anonymous>)\n    at Function.create (C:\\Users\\Javier\\Documents\\proyectos\\e-commerce\\back\\node_modules\\mongoose\\lib\\model.js:2932:34)\n    at logAudit (C:\\Users\\Javier\\Documents\\proyectos\\e-commerce\\back\\helpers\\logAuditHelper.js:22:24)","timestamp":"2024-05-18 17:40:40"}
{"level":"info","message":"User retrieved: masteradmin","timestamp":"2024-05-18 17:50:12"}
{"level":"info","message":"User retrieved: masteradmin","timestamp":"2024-05-18 17:50:14"}
{"level":"info","message":"User retrieved: masteradmin","timestamp":"2024-05-18 17:50:41"}
{"level":"info","message":"User retrieved: masteradmin","timestamp":"2024-05-18 17:50:43"}
{"level":"info","message":"User retrieved: masteradmin","timestamp":"2024-05-18 17:50:53"}
{"level":"info","message":"User retrieved: masteradmin","timestamp":"2024-05-18 17:50:53"}
{"level":"info","message":"User retrieved: masteradmin","timestamp":"2024-05-18 17:51:50"}
{"level":"info","message":"User retrieved: masteradmin","timestamp":"2024-05-18 17:51:50"}
{"level":"info","message":"User retrieved: masteradmin","timestamp":"2024-05-18 17:52:10"}
{"level":"info","message":"User retrieved: masteradmin","timestamp":"2024-05-18 17:52:11"}
{"level":"info","message":"User retrieved: masteradmin","timestamp":"2024-05-18 17:52:22"}
{"level":"info","message":"User retrieved: masteradmin","timestamp":"2024-05-18 17:52:23"}
{"level":"info","message":"User retrieved: masteradmin","timestamp":"2024-05-18 17:52:34"}
{"level":"info","message":"User retrieved: masteradmin","timestamp":"2024-05-18 17:52:34"}
{"level":"info","message":"User retrieved: masteradmin","timestamp":"2024-05-18 17:52:56"}
{"level":"info","message":"User retrieved: masteradmin","timestamp":"2024-05-18 17:52:56"}
{"level":"info","message":"User retrieved: masteradmin","timestamp":"2024-05-18 17:54:59"}
{"level":"info","message":"User retrieved: masteradmin","timestamp":"2024-05-18 17:54:59"}
{"level":"info","message":"User retrieved: masteradmin","timestamp":"2024-05-18 17:55:33"}
{"level":"info","message":"User retrieved: masteradmin","timestamp":"2024-05-18 17:55:34"}
{"level":"info","message":"User retrieved: masteradmin","timestamp":"2024-05-18 17:56:42"}
{"level":"info","message":"User retrieved: masteradmin","timestamp":"2024-05-18 17:56:43"}
{"level":"info","message":"User retrieved: masteradmin","timestamp":"2024-05-18 17:57:22"}
{"level":"info","message":"User retrieved: masteradmin","timestamp":"2024-05-18 17:57:24"}
{"level":"info","message":"User retrieved: masteradmin","timestamp":"2024-05-18 17:57:45"}
{"level":"info","message":"User retrieved: masteradmin","timestamp":"2024-05-18 17:57:47"}
{"level":"error","message":"API Error: Invalid file type. Only JPEG, PNG, WEBP, JPG, GIF are allowed.","method":"PUT","path":"/api/updateUserImage/661e35196717a0283a498739","stack":"No additional details provided.","status":500,"timestamp":"2024-05-18 17:58:07"}
{"_message":"AuditLog validation failed","errors":{"targetDoc":{"kind":"ObjectId","message":"Cast to ObjectId failed for value \"/api/updateUserImage/661e35196717a0283a498739\" (type string) at path \"targetDoc\" because of \"BSONError\"","name":"CastError","path":"targetDoc","reason":{},"stringValue":"\"/api/updateUserImage/661e35196717a0283a498739\"","value":"/api/updateUserImage/661e35196717a0283a498739","valueType":"string"}},"level":"error","message":"Error creating audit log:  AuditLog validation failed: targetDoc: Cast to ObjectId failed for value \"/api/updateUserImage/661e35196717a0283a498739\" (type string) at path \"targetDoc\" because of \"BSONError\"","stack":"ValidationError: AuditLog validation failed: targetDoc: Cast to ObjectId failed for value \"/api/updateUserImage/661e35196717a0283a498739\" (type string) at path \"targetDoc\" because of \"BSONError\"\n    at Document.invalidate (C:\\Users\\Javier\\Documents\\proyectos\\e-commerce\\back\\node_modules\\mongoose\\lib\\document.js:3200:32)\n    at model.$set (C:\\Users\\Javier\\Documents\\proyectos\\e-commerce\\back\\node_modules\\mongoose\\lib\\document.js:1459:12)\n    at model.$set (C:\\Users\\Javier\\Documents\\proyectos\\e-commerce\\back\\node_modules\\mongoose\\lib\\document.js:1113:16)\n    at model.Document (C:\\Users\\Javier\\Documents\\proyectos\\e-commerce\\back\\node_modules\\mongoose\\lib\\document.js:166:12)\n    at model.Model (C:\\Users\\Javier\\Documents\\proyectos\\e-commerce\\back\\node_modules\\mongoose\\lib\\model.js:130:12)\n    at new model (C:\\Users\\Javier\\Documents\\proyectos\\e-commerce\\back\\node_modules\\mongoose\\lib\\model.js:4802:15)\n    at C:\\Users\\Javier\\Documents\\proyectos\\e-commerce\\back\\node_modules\\mongoose\\lib\\model.js:2944:20\n    at Array.map (<anonymous>)\n    at Function.create (C:\\Users\\Javier\\Documents\\proyectos\\e-commerce\\back\\node_modules\\mongoose\\lib\\model.js:2932:34)\n    at logAudit (C:\\Users\\Javier\\Documents\\proyectos\\e-commerce\\back\\helpers\\logAuditHelper.js:22:24)","timestamp":"2024-05-18 17:58:07"}
{"level":"error","message":"API Error: Invalid file type. Only JPEG, PNG, WEBP, JPG, GIF are allowed.","method":"PUT","path":"/api/updateUserImage/661e35196717a0283a498739","stack":"No additional details provided.","status":500,"timestamp":"2024-05-18 18:03:18"}
{"_message":"AuditLog validation failed","errors":{"targetDoc":{"kind":"ObjectId","message":"Cast to ObjectId failed for value \"/api/updateUserImage/661e35196717a0283a498739\" (type string) at path \"targetDoc\" because of \"BSONError\"","name":"CastError","path":"targetDoc","reason":{},"stringValue":"\"/api/updateUserImage/661e35196717a0283a498739\"","value":"/api/updateUserImage/661e35196717a0283a498739","valueType":"string"}},"level":"error","message":"Error creating audit log:  AuditLog validation failed: targetDoc: Cast to ObjectId failed for value \"/api/updateUserImage/661e35196717a0283a498739\" (type string) at path \"targetDoc\" because of \"BSONError\"","stack":"ValidationError: AuditLog validation failed: targetDoc: Cast to ObjectId failed for value \"/api/updateUserImage/661e35196717a0283a498739\" (type string) at path \"targetDoc\" because of \"BSONError\"\n    at Document.invalidate (C:\\Users\\Javier\\Documents\\proyectos\\e-commerce\\back\\node_modules\\mongoose\\lib\\document.js:3200:32)\n    at model.$set (C:\\Users\\Javier\\Documents\\proyectos\\e-commerce\\back\\node_modules\\mongoose\\lib\\document.js:1459:12)\n    at model.$set (C:\\Users\\Javier\\Documents\\proyectos\\e-commerce\\back\\node_modules\\mongoose\\lib\\document.js:1113:16)\n    at model.Document (C:\\Users\\Javier\\Documents\\proyectos\\e-commerce\\back\\node_modules\\mongoose\\lib\\document.js:166:12)\n    at model.Model (C:\\Users\\Javier\\Documents\\proyectos\\e-commerce\\back\\node_modules\\mongoose\\lib\\model.js:130:12)\n    at new model (C:\\Users\\Javier\\Documents\\proyectos\\e-commerce\\back\\node_modules\\mongoose\\lib\\model.js:4802:15)\n    at C:\\Users\\Javier\\Documents\\proyectos\\e-commerce\\back\\node_modules\\mongoose\\lib\\model.js:2944:20\n    at Array.map (<anonymous>)\n    at Function.create (C:\\Users\\Javier\\Documents\\proyectos\\e-commerce\\back\\node_modules\\mongoose\\lib\\model.js:2932:34)\n    at logAudit (C:\\Users\\Javier\\Documents\\proyectos\\e-commerce\\back\\helpers\\logAuditHelper.js:22:24)","timestamp":"2024-05-18 18:03:18"}
{"level":"info","message":"User retrieved: masteradmin","timestamp":"2024-05-18 18:21:40"}
{"level":"info","message":"User retrieved: masteradmin","timestamp":"2024-05-18 18:21:40"}
{"level":"info","message":"User retrieved: masteradmin","timestamp":"2024-05-18 18:22:11"}
{"level":"info","message":"User retrieved: masteradmin","timestamp":"2024-05-18 18:22:12"}
{"level":"error","message":"API Error: Invalid file type. Only JPEG, PNG, WEBP, JPG, GIF are allowed.","method":"PUT","path":"/api/updateUserImage/661e35196717a0283a498739","stack":"No additional details provided.","status":500,"timestamp":"2024-05-18 18:22:44"}
{"_message":"AuditLog validation failed","errors":{"targetDoc":{"kind":"ObjectId","message":"Cast to ObjectId failed for value \"/api/updateUserImage/661e35196717a0283a498739\" (type string) at path \"targetDoc\" because of \"BSONError\"","name":"CastError","path":"targetDoc","reason":{},"stringValue":"\"/api/updateUserImage/661e35196717a0283a498739\"","value":"/api/updateUserImage/661e35196717a0283a498739","valueType":"string"}},"level":"error","message":"Error creating audit log:  AuditLog validation failed: targetDoc: Cast to ObjectId failed for value \"/api/updateUserImage/661e35196717a0283a498739\" (type string) at path \"targetDoc\" because of \"BSONError\"","stack":"ValidationError: AuditLog validation failed: targetDoc: Cast to ObjectId failed for value \"/api/updateUserImage/661e35196717a0283a498739\" (type string) at path \"targetDoc\" because of \"BSONError\"\n    at Document.invalidate (C:\\Users\\Javier\\Documents\\proyectos\\e-commerce\\back\\node_modules\\mongoose\\lib\\document.js:3200:32)\n    at model.$set (C:\\Users\\Javier\\Documents\\proyectos\\e-commerce\\back\\node_modules\\mongoose\\lib\\document.js:1459:12)\n    at model.$set (C:\\Users\\Javier\\Documents\\proyectos\\e-commerce\\back\\node_modules\\mongoose\\lib\\document.js:1113:16)\n    at model.Document (C:\\Users\\Javier\\Documents\\proyectos\\e-commerce\\back\\node_modules\\mongoose\\lib\\document.js:166:12)\n    at model.Model (C:\\Users\\Javier\\Documents\\proyectos\\e-commerce\\back\\node_modules\\mongoose\\lib\\model.js:130:12)\n    at new model (C:\\Users\\Javier\\Documents\\proyectos\\e-commerce\\back\\node_modules\\mongoose\\lib\\model.js:4802:15)\n    at C:\\Users\\Javier\\Documents\\proyectos\\e-commerce\\back\\node_modules\\mongoose\\lib\\model.js:2944:20\n    at Array.map (<anonymous>)\n    at Function.create (C:\\Users\\Javier\\Documents\\proyectos\\e-commerce\\back\\node_modules\\mongoose\\lib\\model.js:2932:34)\n    at logAudit (C:\\Users\\Javier\\Documents\\proyectos\\e-commerce\\back\\helpers\\logAuditHelper.js:22:24)","timestamp":"2024-05-18 18:22:44"}
{"level":"info","message":"User retrieved: masteradmin","timestamp":"2024-05-18 18:23:07"}
{"level":"info","message":"User retrieved: masteradmin","timestamp":"2024-05-18 18:23:08"}
{"level":"info","message":"User retrieved: masteradmin","timestamp":"2024-05-18 18:23:16"}
{"level":"info","message":"User retrieved: masteradmin","timestamp":"2024-05-18 18:23:16"}
{"level":"error","message":"API Error: Invalid file type. Only JPEG, PNG, WEBP, JPG, GIF are allowed.","method":"PUT","path":"/api/updateUserImage/661e35196717a0283a498739","stack":"No additional details provided.","status":500,"timestamp":"2024-05-18 18:23:23"}
{"_message":"AuditLog validation failed","errors":{"targetDoc":{"kind":"ObjectId","message":"Cast to ObjectId failed for value \"/api/updateUserImage/661e35196717a0283a498739\" (type string) at path \"targetDoc\" because of \"BSONError\"","name":"CastError","path":"targetDoc","reason":{},"stringValue":"\"/api/updateUserImage/661e35196717a0283a498739\"","value":"/api/updateUserImage/661e35196717a0283a498739","valueType":"string"}},"level":"error","message":"Error creating audit log:  AuditLog validation failed: targetDoc: Cast to ObjectId failed for value \"/api/updateUserImage/661e35196717a0283a498739\" (type string) at path \"targetDoc\" because of \"BSONError\"","stack":"ValidationError: AuditLog validation failed: targetDoc: Cast to ObjectId failed for value \"/api/updateUserImage/661e35196717a0283a498739\" (type string) at path \"targetDoc\" because of \"BSONError\"\n    at Document.invalidate (C:\\Users\\Javier\\Documents\\proyectos\\e-commerce\\back\\node_modules\\mongoose\\lib\\document.js:3200:32)\n    at model.$set (C:\\Users\\Javier\\Documents\\proyectos\\e-commerce\\back\\node_modules\\mongoose\\lib\\document.js:1459:12)\n    at model.$set (C:\\Users\\Javier\\Documents\\proyectos\\e-commerce\\back\\node_modules\\mongoose\\lib\\document.js:1113:16)\n    at model.Document (C:\\Users\\Javier\\Documents\\proyectos\\e-commerce\\back\\node_modules\\mongoose\\lib\\document.js:166:12)\n    at model.Model (C:\\Users\\Javier\\Documents\\proyectos\\e-commerce\\back\\node_modules\\mongoose\\lib\\model.js:130:12)\n    at new model (C:\\Users\\Javier\\Documents\\proyectos\\e-commerce\\back\\node_modules\\mongoose\\lib\\model.js:4802:15)\n    at C:\\Users\\Javier\\Documents\\proyectos\\e-commerce\\back\\node_modules\\mongoose\\lib\\model.js:2944:20\n    at Array.map (<anonymous>)\n    at Function.create (C:\\Users\\Javier\\Documents\\proyectos\\e-commerce\\back\\node_modules\\mongoose\\lib\\model.js:2932:34)\n    at logAudit (C:\\Users\\Javier\\Documents\\proyectos\\e-commerce\\back\\helpers\\logAuditHelper.js:22:24)","timestamp":"2024-05-18 18:23:23"}
{"level":"info","message":"User retrieved: masteradmin","timestamp":"2024-05-18 18:28:35"}
{"level":"info","message":"User retrieved: masteradmin","timestamp":"2024-05-18 18:28:36"}
{"level":"error","message":"API Error: Invalid file type. Only JPEG, PNG, WEBP, JPG, GIF are allowed.","method":"PUT","path":"/api/updateUserImage/661e35196717a0283a498739","stack":"No additional details provided.","status":500,"timestamp":"2024-05-18 18:33:31"}
{"_message":"AuditLog validation failed","errors":{"targetDoc":{"kind":"ObjectId","message":"Cast to ObjectId failed for value \"/api/updateUserImage/661e35196717a0283a498739\" (type string) at path \"targetDoc\" because of \"BSONError\"","name":"CastError","path":"targetDoc","reason":{},"stringValue":"\"/api/updateUserImage/661e35196717a0283a498739\"","value":"/api/updateUserImage/661e35196717a0283a498739","valueType":"string"}},"level":"error","message":"Error creating audit log:  AuditLog validation failed: targetDoc: Cast to ObjectId failed for value \"/api/updateUserImage/661e35196717a0283a498739\" (type string) at path \"targetDoc\" because of \"BSONError\"","stack":"ValidationError: AuditLog validation failed: targetDoc: Cast to ObjectId failed for value \"/api/updateUserImage/661e35196717a0283a498739\" (type string) at path \"targetDoc\" because of \"BSONError\"\n    at Document.invalidate (C:\\Users\\Javier\\Documents\\proyectos\\e-commerce\\back\\node_modules\\mongoose\\lib\\document.js:3200:32)\n    at model.$set (C:\\Users\\Javier\\Documents\\proyectos\\e-commerce\\back\\node_modules\\mongoose\\lib\\document.js:1459:12)\n    at model.$set (C:\\Users\\Javier\\Documents\\proyectos\\e-commerce\\back\\node_modules\\mongoose\\lib\\document.js:1113:16)\n    at model.Document (C:\\Users\\Javier\\Documents\\proyectos\\e-commerce\\back\\node_modules\\mongoose\\lib\\document.js:166:12)\n    at model.Model (C:\\Users\\Javier\\Documents\\proyectos\\e-commerce\\back\\node_modules\\mongoose\\lib\\model.js:130:12)\n    at new model (C:\\Users\\Javier\\Documents\\proyectos\\e-commerce\\back\\node_modules\\mongoose\\lib\\model.js:4802:15)\n    at C:\\Users\\Javier\\Documents\\proyectos\\e-commerce\\back\\node_modules\\mongoose\\lib\\model.js:2944:20\n    at Array.map (<anonymous>)\n    at Function.create (C:\\Users\\Javier\\Documents\\proyectos\\e-commerce\\back\\node_modules\\mongoose\\lib\\model.js:2932:34)\n    at logAudit (C:\\Users\\Javier\\Documents\\proyectos\\e-commerce\\back\\helpers\\logAuditHelper.js:22:24)","timestamp":"2024-05-18 18:33:31"}
{"level":"info","message":"User retrieved: masteradmin","timestamp":"2024-05-18 18:33:49"}
{"level":"info","message":"User retrieved: masteradmin","timestamp":"2024-05-18 18:33:49"}
{"level":"error","message":"API Error: Invalid file type. Only JPEG, PNG, WEBP, JPG, GIF are allowed.","method":"PUT","path":"/api/updateUserImage/661e35196717a0283a498739","stack":"No additional details provided.","status":500,"timestamp":"2024-05-18 18:45:07"}
{"_message":"AuditLog validation failed","errors":{"targetDoc":{"kind":"ObjectId","message":"Cast to ObjectId failed for value \"/api/updateUserImage/661e35196717a0283a498739\" (type string) at path \"targetDoc\" because of \"BSONError\"","name":"CastError","path":"targetDoc","reason":{},"stringValue":"\"/api/updateUserImage/661e35196717a0283a498739\"","value":"/api/updateUserImage/661e35196717a0283a498739","valueType":"string"}},"level":"error","message":"Error creating audit log:  AuditLog validation failed: targetDoc: Cast to ObjectId failed for value \"/api/updateUserImage/661e35196717a0283a498739\" (type string) at path \"targetDoc\" because of \"BSONError\"","stack":"ValidationError: AuditLog validation failed: targetDoc: Cast to ObjectId failed for value \"/api/updateUserImage/661e35196717a0283a498739\" (type string) at path \"targetDoc\" because of \"BSONError\"\n    at Document.invalidate (C:\\Users\\Javier\\Documents\\proyectos\\e-commerce\\back\\node_modules\\mongoose\\lib\\document.js:3200:32)\n    at model.$set (C:\\Users\\Javier\\Documents\\proyectos\\e-commerce\\back\\node_modules\\mongoose\\lib\\document.js:1459:12)\n    at model.$set (C:\\Users\\Javier\\Documents\\proyectos\\e-commerce\\back\\node_modules\\mongoose\\lib\\document.js:1113:16)\n    at model.Document (C:\\Users\\Javier\\Documents\\proyectos\\e-commerce\\back\\node_modules\\mongoose\\lib\\document.js:166:12)\n    at model.Model (C:\\Users\\Javier\\Documents\\proyectos\\e-commerce\\back\\node_modules\\mongoose\\lib\\model.js:130:12)\n    at new model (C:\\Users\\Javier\\Documents\\proyectos\\e-commerce\\back\\node_modules\\mongoose\\lib\\model.js:4802:15)\n    at C:\\Users\\Javier\\Documents\\proyectos\\e-commerce\\back\\node_modules\\mongoose\\lib\\model.js:2944:20\n    at Array.map (<anonymous>)\n    at Function.create (C:\\Users\\Javier\\Documents\\proyectos\\e-commerce\\back\\node_modules\\mongoose\\lib\\model.js:2932:34)\n    at logAudit (C:\\Users\\Javier\\Documents\\proyectos\\e-commerce\\back\\helpers\\logAuditHelper.js:22:24)","timestamp":"2024-05-18 18:45:07"}
{"level":"info","message":"User retrieved: masteradmin","timestamp":"2024-05-18 18:45:37"}
{"level":"info","message":"User retrieved: masteradmin","timestamp":"2024-05-18 18:45:38"}
{"level":"info","message":"User retrieved: masteradmin","timestamp":"2024-05-18 18:46:18"}
{"level":"info","message":"User retrieved: masteradmin","timestamp":"2024-05-18 18:46:18"}
{"level":"info","message":"User retrieved: masteradmin","timestamp":"2024-05-18 18:46:28"}
{"level":"info","message":"User retrieved: masteradmin","timestamp":"2024-05-18 18:46:28"}
{"level":"error","message":"API Error: Invalid file type. Only JPEG, PNG, WEBP, JPG, GIF are allowed.","method":"PUT","path":"/api/updateUserImage/661e35196717a0283a498739","stack":"No additional details provided.","status":500,"timestamp":"2024-05-18 18:46:55"}
{"_message":"AuditLog validation failed","errors":{"targetDoc":{"kind":"ObjectId","message":"Cast to ObjectId failed for value \"/api/updateUserImage/661e35196717a0283a498739\" (type string) at path \"targetDoc\" because of \"BSONError\"","name":"CastError","path":"targetDoc","reason":{},"stringValue":"\"/api/updateUserImage/661e35196717a0283a498739\"","value":"/api/updateUserImage/661e35196717a0283a498739","valueType":"string"}},"level":"error","message":"Error creating audit log:  AuditLog validation failed: targetDoc: Cast to ObjectId failed for value \"/api/updateUserImage/661e35196717a0283a498739\" (type string) at path \"targetDoc\" because of \"BSONError\"","stack":"ValidationError: AuditLog validation failed: targetDoc: Cast to ObjectId failed for value \"/api/updateUserImage/661e35196717a0283a498739\" (type string) at path \"targetDoc\" because of \"BSONError\"\n    at Document.invalidate (C:\\Users\\Javier\\Documents\\proyectos\\e-commerce\\back\\node_modules\\mongoose\\lib\\document.js:3200:32)\n    at model.$set (C:\\Users\\Javier\\Documents\\proyectos\\e-commerce\\back\\node_modules\\mongoose\\lib\\document.js:1459:12)\n    at model.$set (C:\\Users\\Javier\\Documents\\proyectos\\e-commerce\\back\\node_modules\\mongoose\\lib\\document.js:1113:16)\n    at model.Document (C:\\Users\\Javier\\Documents\\proyectos\\e-commerce\\back\\node_modules\\mongoose\\lib\\document.js:166:12)\n    at model.Model (C:\\Users\\Javier\\Documents\\proyectos\\e-commerce\\back\\node_modules\\mongoose\\lib\\model.js:130:12)\n    at new model (C:\\Users\\Javier\\Documents\\proyectos\\e-commerce\\back\\node_modules\\mongoose\\lib\\model.js:4802:15)\n    at C:\\Users\\Javier\\Documents\\proyectos\\e-commerce\\back\\node_modules\\mongoose\\lib\\model.js:2944:20\n    at Array.map (<anonymous>)\n    at Function.create (C:\\Users\\Javier\\Documents\\proyectos\\e-commerce\\back\\node_modules\\mongoose\\lib\\model.js:2932:34)\n    at logAudit (C:\\Users\\Javier\\Documents\\proyectos\\e-commerce\\back\\helpers\\logAuditHelper.js:22:24)","timestamp":"2024-05-18 18:46:55"}
{"level":"info","message":"User retrieved: masteradmin","timestamp":"2024-05-18 18:47:03"}
{"level":"info","message":"User retrieved: masteradmin","timestamp":"2024-05-18 18:47:04"}
{"level":"info","message":"User retrieved: masteradmin","timestamp":"2024-05-18 18:49:56"}
{"level":"info","message":"User retrieved: masteradmin","timestamp":"2024-05-18 18:49:56"}
{"level":"error","message":"API Error: Invalid file type. Only JPEG, PNG, WEBP, JPG, GIF are allowed.","method":"PUT","path":"/api/updateUserImage/661e35196717a0283a498739","stack":"No additional details provided.","status":500,"timestamp":"2024-05-18 18:50:03"}
{"_message":"AuditLog validation failed","errors":{"targetDoc":{"kind":"ObjectId","message":"Cast to ObjectId failed for value \"/api/updateUserImage/661e35196717a0283a498739\" (type string) at path \"targetDoc\" because of \"BSONError\"","name":"CastError","path":"targetDoc","reason":{},"stringValue":"\"/api/updateUserImage/661e35196717a0283a498739\"","value":"/api/updateUserImage/661e35196717a0283a498739","valueType":"string"}},"level":"error","message":"Error creating audit log:  AuditLog validation failed: targetDoc: Cast to ObjectId failed for value \"/api/updateUserImage/661e35196717a0283a498739\" (type string) at path \"targetDoc\" because of \"BSONError\"","stack":"ValidationError: AuditLog validation failed: targetDoc: Cast to ObjectId failed for value \"/api/updateUserImage/661e35196717a0283a498739\" (type string) at path \"targetDoc\" because of \"BSONError\"\n    at Document.invalidate (C:\\Users\\Javier\\Documents\\proyectos\\e-commerce\\back\\node_modules\\mongoose\\lib\\document.js:3200:32)\n    at model.$set (C:\\Users\\Javier\\Documents\\proyectos\\e-commerce\\back\\node_modules\\mongoose\\lib\\document.js:1459:12)\n    at model.$set (C:\\Users\\Javier\\Documents\\proyectos\\e-commerce\\back\\node_modules\\mongoose\\lib\\document.js:1113:16)\n    at model.Document (C:\\Users\\Javier\\Documents\\proyectos\\e-commerce\\back\\node_modules\\mongoose\\lib\\document.js:166:12)\n    at model.Model (C:\\Users\\Javier\\Documents\\proyectos\\e-commerce\\back\\node_modules\\mongoose\\lib\\model.js:130:12)\n    at new model (C:\\Users\\Javier\\Documents\\proyectos\\e-commerce\\back\\node_modules\\mongoose\\lib\\model.js:4802:15)\n    at C:\\Users\\Javier\\Documents\\proyectos\\e-commerce\\back\\node_modules\\mongoose\\lib\\model.js:2944:20\n    at Array.map (<anonymous>)\n    at Function.create (C:\\Users\\Javier\\Documents\\proyectos\\e-commerce\\back\\node_modules\\mongoose\\lib\\model.js:2932:34)\n    at logAudit (C:\\Users\\Javier\\Documents\\proyectos\\e-commerce\\back\\helpers\\logAuditHelper.js:22:24)","timestamp":"2024-05-18 18:50:03"}
{"level":"info","message":"User retrieved: masteradmin","timestamp":"2024-05-18 18:51:25"}
{"level":"info","message":"User retrieved: masteradmin","timestamp":"2024-05-18 18:51:26"}
{"level":"error","message":"API Error: Invalid file type. Only JPEG, PNG, WEBP, JPG, GIF are allowed.","method":"PUT","path":"/api/updateUserImage/661e35196717a0283a498739","stack":"No additional details provided.","status":500,"timestamp":"2024-05-18 18:52:03"}
{"_message":"AuditLog validation failed","errors":{"targetDoc":{"kind":"ObjectId","message":"Cast to ObjectId failed for value \"/api/updateUserImage/661e35196717a0283a498739\" (type string) at path \"targetDoc\" because of \"BSONError\"","name":"CastError","path":"targetDoc","reason":{},"stringValue":"\"/api/updateUserImage/661e35196717a0283a498739\"","value":"/api/updateUserImage/661e35196717a0283a498739","valueType":"string"}},"level":"error","message":"Error creating audit log:  AuditLog validation failed: targetDoc: Cast to ObjectId failed for value \"/api/updateUserImage/661e35196717a0283a498739\" (type string) at path \"targetDoc\" because of \"BSONError\"","stack":"ValidationError: AuditLog validation failed: targetDoc: Cast to ObjectId failed for value \"/api/updateUserImage/661e35196717a0283a498739\" (type string) at path \"targetDoc\" because of \"BSONError\"\n    at Document.invalidate (C:\\Users\\Javier\\Documents\\proyectos\\e-commerce\\back\\node_modules\\mongoose\\lib\\document.js:3200:32)\n    at model.$set (C:\\Users\\Javier\\Documents\\proyectos\\e-commerce\\back\\node_modules\\mongoose\\lib\\document.js:1459:12)\n    at model.$set (C:\\Users\\Javier\\Documents\\proyectos\\e-commerce\\back\\node_modules\\mongoose\\lib\\document.js:1113:16)\n    at model.Document (C:\\Users\\Javier\\Documents\\proyectos\\e-commerce\\back\\node_modules\\mongoose\\lib\\document.js:166:12)\n    at model.Model (C:\\Users\\Javier\\Documents\\proyectos\\e-commerce\\back\\node_modules\\mongoose\\lib\\model.js:130:12)\n    at new model (C:\\Users\\Javier\\Documents\\proyectos\\e-commerce\\back\\node_modules\\mongoose\\lib\\model.js:4802:15)\n    at C:\\Users\\Javier\\Documents\\proyectos\\e-commerce\\back\\node_modules\\mongoose\\lib\\model.js:2944:20\n    at Array.map (<anonymous>)\n    at Function.create (C:\\Users\\Javier\\Documents\\proyectos\\e-commerce\\back\\node_modules\\mongoose\\lib\\model.js:2932:34)\n    at logAudit (C:\\Users\\Javier\\Documents\\proyectos\\e-commerce\\back\\helpers\\logAuditHelper.js:22:24)","timestamp":"2024-05-18 18:52:03"}
{"level":"info","message":"User retrieved: masteradmin","timestamp":"2024-05-18 18:52:13"}
{"level":"info","message":"User retrieved: masteradmin","timestamp":"2024-05-18 18:52:14"}
{"level":"error","message":"API Error: Invalid file type. Only JPEG, PNG, WEBP, JPG, GIF are allowed.","method":"PUT","path":"/api/updateUserImage/661e35196717a0283a498739","stack":"No additional details provided.","status":500,"timestamp":"2024-05-18 18:52:22"}
{"_message":"AuditLog validation failed","errors":{"targetDoc":{"kind":"ObjectId","message":"Cast to ObjectId failed for value \"/api/updateUserImage/661e35196717a0283a498739\" (type string) at path \"targetDoc\" because of \"BSONError\"","name":"CastError","path":"targetDoc","reason":{},"stringValue":"\"/api/updateUserImage/661e35196717a0283a498739\"","value":"/api/updateUserImage/661e35196717a0283a498739","valueType":"string"}},"level":"error","message":"Error creating audit log:  AuditLog validation failed: targetDoc: Cast to ObjectId failed for value \"/api/updateUserImage/661e35196717a0283a498739\" (type string) at path \"targetDoc\" because of \"BSONError\"","stack":"ValidationError: AuditLog validation failed: targetDoc: Cast to ObjectId failed for value \"/api/updateUserImage/661e35196717a0283a498739\" (type string) at path \"targetDoc\" because of \"BSONError\"\n    at Document.invalidate (C:\\Users\\Javier\\Documents\\proyectos\\e-commerce\\back\\node_modules\\mongoose\\lib\\document.js:3200:32)\n    at model.$set (C:\\Users\\Javier\\Documents\\proyectos\\e-commerce\\back\\node_modules\\mongoose\\lib\\document.js:1459:12)\n    at model.$set (C:\\Users\\Javier\\Documents\\proyectos\\e-commerce\\back\\node_modules\\mongoose\\lib\\document.js:1113:16)\n    at model.Document (C:\\Users\\Javier\\Documents\\proyectos\\e-commerce\\back\\node_modules\\mongoose\\lib\\document.js:166:12)\n    at model.Model (C:\\Users\\Javier\\Documents\\proyectos\\e-commerce\\back\\node_modules\\mongoose\\lib\\model.js:130:12)\n    at new model (C:\\Users\\Javier\\Documents\\proyectos\\e-commerce\\back\\node_modules\\mongoose\\lib\\model.js:4802:15)\n    at C:\\Users\\Javier\\Documents\\proyectos\\e-commerce\\back\\node_modules\\mongoose\\lib\\model.js:2944:20\n    at Array.map (<anonymous>)\n    at Function.create (C:\\Users\\Javier\\Documents\\proyectos\\e-commerce\\back\\node_modules\\mongoose\\lib\\model.js:2932:34)\n    at logAudit (C:\\Users\\Javier\\Documents\\proyectos\\e-commerce\\back\\helpers\\logAuditHelper.js:22:24)","timestamp":"2024-05-18 18:52:22"}
{"level":"info","message":"User retrieved: masteradmin","timestamp":"2024-05-18 18:54:53"}
{"level":"info","message":"User retrieved: masteradmin","timestamp":"2024-05-18 18:54:54"}
{"level":"error","message":"API Error: Invalid file type. Only JPEG, PNG, WEBP, JPG, GIF are allowed.","method":"PUT","path":"/api/updateUserImage/661e35196717a0283a498739","stack":"No additional details provided.","status":500,"timestamp":"2024-05-18 18:55:02"}
{"_message":"AuditLog validation failed","errors":{"targetDoc":{"kind":"ObjectId","message":"Cast to ObjectId failed for value \"/api/updateUserImage/661e35196717a0283a498739\" (type string) at path \"targetDoc\" because of \"BSONError\"","name":"CastError","path":"targetDoc","reason":{},"stringValue":"\"/api/updateUserImage/661e35196717a0283a498739\"","value":"/api/updateUserImage/661e35196717a0283a498739","valueType":"string"}},"level":"error","message":"Error creating audit log:  AuditLog validation failed: targetDoc: Cast to ObjectId failed for value \"/api/updateUserImage/661e35196717a0283a498739\" (type string) at path \"targetDoc\" because of \"BSONError\"","stack":"ValidationError: AuditLog validation failed: targetDoc: Cast to ObjectId failed for value \"/api/updateUserImage/661e35196717a0283a498739\" (type string) at path \"targetDoc\" because of \"BSONError\"\n    at Document.invalidate (C:\\Users\\Javier\\Documents\\proyectos\\e-commerce\\back\\node_modules\\mongoose\\lib\\document.js:3200:32)\n    at model.$set (C:\\Users\\Javier\\Documents\\proyectos\\e-commerce\\back\\node_modules\\mongoose\\lib\\document.js:1459:12)\n    at model.$set (C:\\Users\\Javier\\Documents\\proyectos\\e-commerce\\back\\node_modules\\mongoose\\lib\\document.js:1113:16)\n    at model.Document (C:\\Users\\Javier\\Documents\\proyectos\\e-commerce\\back\\node_modules\\mongoose\\lib\\document.js:166:12)\n    at model.Model (C:\\Users\\Javier\\Documents\\proyectos\\e-commerce\\back\\node_modules\\mongoose\\lib\\model.js:130:12)\n    at new model (C:\\Users\\Javier\\Documents\\proyectos\\e-commerce\\back\\node_modules\\mongoose\\lib\\model.js:4802:15)\n    at C:\\Users\\Javier\\Documents\\proyectos\\e-commerce\\back\\node_modules\\mongoose\\lib\\model.js:2944:20\n    at Array.map (<anonymous>)\n    at Function.create (C:\\Users\\Javier\\Documents\\proyectos\\e-commerce\\back\\node_modules\\mongoose\\lib\\model.js:2932:34)\n    at logAudit (C:\\Users\\Javier\\Documents\\proyectos\\e-commerce\\back\\helpers\\logAuditHelper.js:22:24)","timestamp":"2024-05-18 18:55:02"}
{"level":"info","message":"User retrieved: masteradmin","timestamp":"2024-05-18 18:56:43"}
{"level":"info","message":"User retrieved: masteradmin","timestamp":"2024-05-18 18:56:44"}
{"level":"info","message":"User retrieved: masteradmin","timestamp":"2024-05-18 18:59:27"}
{"level":"info","message":"User retrieved: masteradmin","timestamp":"2024-05-18 18:59:28"}
{"level":"error","message":"API Error: Invalid file type. Only JPEG, PNG, WEBP, JPG, GIF are allowed.","method":"PUT","path":"/api/updateUserImage/661e35196717a0283a498739","stack":"No additional details provided.","status":500,"timestamp":"2024-05-18 19:03:22"}
{"_message":"AuditLog validation failed","errors":{"targetDoc":{"kind":"ObjectId","message":"Cast to ObjectId failed for value \"/api/updateUserImage/661e35196717a0283a498739\" (type string) at path \"targetDoc\" because of \"BSONError\"","name":"CastError","path":"targetDoc","reason":{},"stringValue":"\"/api/updateUserImage/661e35196717a0283a498739\"","value":"/api/updateUserImage/661e35196717a0283a498739","valueType":"string"}},"level":"error","message":"Error creating audit log:  AuditLog validation failed: targetDoc: Cast to ObjectId failed for value \"/api/updateUserImage/661e35196717a0283a498739\" (type string) at path \"targetDoc\" because of \"BSONError\"","stack":"ValidationError: AuditLog validation failed: targetDoc: Cast to ObjectId failed for value \"/api/updateUserImage/661e35196717a0283a498739\" (type string) at path \"targetDoc\" because of \"BSONError\"\n    at Document.invalidate (C:\\Users\\Javier\\Documents\\proyectos\\e-commerce\\back\\node_modules\\mongoose\\lib\\document.js:3200:32)\n    at model.$set (C:\\Users\\Javier\\Documents\\proyectos\\e-commerce\\back\\node_modules\\mongoose\\lib\\document.js:1459:12)\n    at model.$set (C:\\Users\\Javier\\Documents\\proyectos\\e-commerce\\back\\node_modules\\mongoose\\lib\\document.js:1113:16)\n    at model.Document (C:\\Users\\Javier\\Documents\\proyectos\\e-commerce\\back\\node_modules\\mongoose\\lib\\document.js:166:12)\n    at model.Model (C:\\Users\\Javier\\Documents\\proyectos\\e-commerce\\back\\node_modules\\mongoose\\lib\\model.js:130:12)\n    at new model (C:\\Users\\Javier\\Documents\\proyectos\\e-commerce\\back\\node_modules\\mongoose\\lib\\model.js:4802:15)\n    at C:\\Users\\Javier\\Documents\\proyectos\\e-commerce\\back\\node_modules\\mongoose\\lib\\model.js:2944:20\n    at Array.map (<anonymous>)\n    at Function.create (C:\\Users\\Javier\\Documents\\proyectos\\e-commerce\\back\\node_modules\\mongoose\\lib\\model.js:2932:34)\n    at logAudit (C:\\Users\\Javier\\Documents\\proyectos\\e-commerce\\back\\helpers\\logAuditHelper.js:22:24)","timestamp":"2024-05-18 19:03:22"}
{"level":"info","message":"User retrieved: masteradmin","timestamp":"2024-05-18 19:20:51"}
{"level":"info","message":"User retrieved: masteradmin","timestamp":"2024-05-18 19:20:52"}
{"level":"error","message":"API Error: Invalid file type. Only JPEG, PNG, WEBP, JPG, GIF are allowed.","method":"PUT","path":"/api/updateUserImage/661e35196717a0283a498739","stack":"No additional details provided.","status":500,"timestamp":"2024-05-18 19:21:07"}
{"_message":"AuditLog validation failed","errors":{"targetDoc":{"kind":"ObjectId","message":"Cast to ObjectId failed for value \"/api/updateUserImage/661e35196717a0283a498739\" (type string) at path \"targetDoc\" because of \"BSONError\"","name":"CastError","path":"targetDoc","reason":{},"stringValue":"\"/api/updateUserImage/661e35196717a0283a498739\"","value":"/api/updateUserImage/661e35196717a0283a498739","valueType":"string"}},"level":"error","message":"Error creating audit log:  AuditLog validation failed: targetDoc: Cast to ObjectId failed for value \"/api/updateUserImage/661e35196717a0283a498739\" (type string) at path \"targetDoc\" because of \"BSONError\"","stack":"ValidationError: AuditLog validation failed: targetDoc: Cast to ObjectId failed for value \"/api/updateUserImage/661e35196717a0283a498739\" (type string) at path \"targetDoc\" because of \"BSONError\"\n    at Document.invalidate (C:\\Users\\Javier\\Documents\\proyectos\\e-commerce\\back\\node_modules\\mongoose\\lib\\document.js:3200:32)\n    at model.$set (C:\\Users\\Javier\\Documents\\proyectos\\e-commerce\\back\\node_modules\\mongoose\\lib\\document.js:1459:12)\n    at model.$set (C:\\Users\\Javier\\Documents\\proyectos\\e-commerce\\back\\node_modules\\mongoose\\lib\\document.js:1113:16)\n    at model.Document (C:\\Users\\Javier\\Documents\\proyectos\\e-commerce\\back\\node_modules\\mongoose\\lib\\document.js:166:12)\n    at model.Model (C:\\Users\\Javier\\Documents\\proyectos\\e-commerce\\back\\node_modules\\mongoose\\lib\\model.js:130:12)\n    at new model (C:\\Users\\Javier\\Documents\\proyectos\\e-commerce\\back\\node_modules\\mongoose\\lib\\model.js:4802:15)\n    at C:\\Users\\Javier\\Documents\\proyectos\\e-commerce\\back\\node_modules\\mongoose\\lib\\model.js:2944:20\n    at Array.map (<anonymous>)\n    at Function.create (C:\\Users\\Javier\\Documents\\proyectos\\e-commerce\\back\\node_modules\\mongoose\\lib\\model.js:2932:34)\n    at logAudit (C:\\Users\\Javier\\Documents\\proyectos\\e-commerce\\back\\helpers\\logAuditHelper.js:22:24)","timestamp":"2024-05-18 19:21:07"}
{"level":"info","message":"User retrieved: masteradmin","timestamp":"2024-05-18 19:22:06"}
{"level":"info","message":"User retrieved: masteradmin","timestamp":"2024-05-18 19:22:07"}
{"level":"info","message":"User retrieved: masteradmin","timestamp":"2024-05-18 19:25:36"}
{"level":"info","message":"User retrieved: masteradmin","timestamp":"2024-05-18 19:25:38"}
{"level":"error","message":"API Error: Invalid file type. Only JPEG, PNG, WEBP, JPG, GIF are allowed.","method":"PUT","path":"/api/updateUserImage/661e35196717a0283a498739","stack":"No additional details provided.","status":500,"timestamp":"2024-05-18 19:25:53"}
{"_message":"AuditLog validation failed","errors":{"targetDoc":{"kind":"ObjectId","message":"Cast to ObjectId failed for value \"/api/updateUserImage/661e35196717a0283a498739\" (type string) at path \"targetDoc\" because of \"BSONError\"","name":"CastError","path":"targetDoc","reason":{},"stringValue":"\"/api/updateUserImage/661e35196717a0283a498739\"","value":"/api/updateUserImage/661e35196717a0283a498739","valueType":"string"}},"level":"error","message":"Error creating audit log:  AuditLog validation failed: targetDoc: Cast to ObjectId failed for value \"/api/updateUserImage/661e35196717a0283a498739\" (type string) at path \"targetDoc\" because of \"BSONError\"","stack":"ValidationError: AuditLog validation failed: targetDoc: Cast to ObjectId failed for value \"/api/updateUserImage/661e35196717a0283a498739\" (type string) at path \"targetDoc\" because of \"BSONError\"\n    at Document.invalidate (C:\\Users\\Javier\\Documents\\proyectos\\e-commerce\\back\\node_modules\\mongoose\\lib\\document.js:3200:32)\n    at model.$set (C:\\Users\\Javier\\Documents\\proyectos\\e-commerce\\back\\node_modules\\mongoose\\lib\\document.js:1459:12)\n    at model.$set (C:\\Users\\Javier\\Documents\\proyectos\\e-commerce\\back\\node_modules\\mongoose\\lib\\document.js:1113:16)\n    at model.Document (C:\\Users\\Javier\\Documents\\proyectos\\e-commerce\\back\\node_modules\\mongoose\\lib\\document.js:166:12)\n    at model.Model (C:\\Users\\Javier\\Documents\\proyectos\\e-commerce\\back\\node_modules\\mongoose\\lib\\model.js:130:12)\n    at new model (C:\\Users\\Javier\\Documents\\proyectos\\e-commerce\\back\\node_modules\\mongoose\\lib\\model.js:4802:15)\n    at C:\\Users\\Javier\\Documents\\proyectos\\e-commerce\\back\\node_modules\\mongoose\\lib\\model.js:2944:20\n    at Array.map (<anonymous>)\n    at Function.create (C:\\Users\\Javier\\Documents\\proyectos\\e-commerce\\back\\node_modules\\mongoose\\lib\\model.js:2932:34)\n    at logAudit (C:\\Users\\Javier\\Documents\\proyectos\\e-commerce\\back\\helpers\\logAuditHelper.js:22:24)","timestamp":"2024-05-18 19:25:54"}
{"level":"info","message":"User retrieved: masteradmin","timestamp":"2024-05-18 19:29:13"}
{"level":"info","message":"User retrieved: masteradmin","timestamp":"2024-05-18 19:29:15"}
{"level":"error","message":"API Error: Invalid file type. Only JPEG, PNG, WEBP, JPG, GIF are allowed.","method":"PUT","path":"/api/updateUserImage/661e35196717a0283a498739","stack":"No additional details provided.","status":500,"timestamp":"2024-05-18 19:29:33"}
{"_message":"AuditLog validation failed","errors":{"targetDoc":{"kind":"ObjectId","message":"Cast to ObjectId failed for value \"/api/updateUserImage/661e35196717a0283a498739\" (type string) at path \"targetDoc\" because of \"BSONError\"","name":"CastError","path":"targetDoc","reason":{},"stringValue":"\"/api/updateUserImage/661e35196717a0283a498739\"","value":"/api/updateUserImage/661e35196717a0283a498739","valueType":"string"}},"level":"error","message":"Error creating audit log:  AuditLog validation failed: targetDoc: Cast to ObjectId failed for value \"/api/updateUserImage/661e35196717a0283a498739\" (type string) at path \"targetDoc\" because of \"BSONError\"","stack":"ValidationError: AuditLog validation failed: targetDoc: Cast to ObjectId failed for value \"/api/updateUserImage/661e35196717a0283a498739\" (type string) at path \"targetDoc\" because of \"BSONError\"\n    at Document.invalidate (C:\\Users\\Javier\\Documents\\proyectos\\e-commerce\\back\\node_modules\\mongoose\\lib\\document.js:3200:32)\n    at model.$set (C:\\Users\\Javier\\Documents\\proyectos\\e-commerce\\back\\node_modules\\mongoose\\lib\\document.js:1459:12)\n    at model.$set (C:\\Users\\Javier\\Documents\\proyectos\\e-commerce\\back\\node_modules\\mongoose\\lib\\document.js:1113:16)\n    at model.Document (C:\\Users\\Javier\\Documents\\proyectos\\e-commerce\\back\\node_modules\\mongoose\\lib\\document.js:166:12)\n    at model.Model (C:\\Users\\Javier\\Documents\\proyectos\\e-commerce\\back\\node_modules\\mongoose\\lib\\model.js:130:12)\n    at new model (C:\\Users\\Javier\\Documents\\proyectos\\e-commerce\\back\\node_modules\\mongoose\\lib\\model.js:4802:15)\n    at C:\\Users\\Javier\\Documents\\proyectos\\e-commerce\\back\\node_modules\\mongoose\\lib\\model.js:2944:20\n    at Array.map (<anonymous>)\n    at Function.create (C:\\Users\\Javier\\Documents\\proyectos\\e-commerce\\back\\node_modules\\mongoose\\lib\\model.js:2932:34)\n    at logAudit (C:\\Users\\Javier\\Documents\\proyectos\\e-commerce\\back\\helpers\\logAuditHelper.js:22:24)","timestamp":"2024-05-18 19:29:34"}
{"level":"error","message":"API Error: Invalid file type. Only JPEG, PNG, WEBP, JPG, GIF are allowed.","method":"PUT","path":"/api/updateUserImage/661e35196717a0283a498739","stack":"No additional details provided.","status":500,"timestamp":"2024-05-18 19:30:29"}
{"_message":"AuditLog validation failed","errors":{"targetDoc":{"kind":"ObjectId","message":"Cast to ObjectId failed for value \"/api/updateUserImage/661e35196717a0283a498739\" (type string) at path \"targetDoc\" because of \"BSONError\"","name":"CastError","path":"targetDoc","reason":{},"stringValue":"\"/api/updateUserImage/661e35196717a0283a498739\"","value":"/api/updateUserImage/661e35196717a0283a498739","valueType":"string"}},"level":"error","message":"Error creating audit log:  AuditLog validation failed: targetDoc: Cast to ObjectId failed for value \"/api/updateUserImage/661e35196717a0283a498739\" (type string) at path \"targetDoc\" because of \"BSONError\"","stack":"ValidationError: AuditLog validation failed: targetDoc: Cast to ObjectId failed for value \"/api/updateUserImage/661e35196717a0283a498739\" (type string) at path \"targetDoc\" because of \"BSONError\"\n    at Document.invalidate (C:\\Users\\Javier\\Documents\\proyectos\\e-commerce\\back\\node_modules\\mongoose\\lib\\document.js:3200:32)\n    at model.$set (C:\\Users\\Javier\\Documents\\proyectos\\e-commerce\\back\\node_modules\\mongoose\\lib\\document.js:1459:12)\n    at model.$set (C:\\Users\\Javier\\Documents\\proyectos\\e-commerce\\back\\node_modules\\mongoose\\lib\\document.js:1113:16)\n    at model.Document (C:\\Users\\Javier\\Documents\\proyectos\\e-commerce\\back\\node_modules\\mongoose\\lib\\document.js:166:12)\n    at model.Model (C:\\Users\\Javier\\Documents\\proyectos\\e-commerce\\back\\node_modules\\mongoose\\lib\\model.js:130:12)\n    at new model (C:\\Users\\Javier\\Documents\\proyectos\\e-commerce\\back\\node_modules\\mongoose\\lib\\model.js:4802:15)\n    at C:\\Users\\Javier\\Documents\\proyectos\\e-commerce\\back\\node_modules\\mongoose\\lib\\model.js:2944:20\n    at Array.map (<anonymous>)\n    at Function.create (C:\\Users\\Javier\\Documents\\proyectos\\e-commerce\\back\\node_modules\\mongoose\\lib\\model.js:2932:34)\n    at logAudit (C:\\Users\\Javier\\Documents\\proyectos\\e-commerce\\back\\helpers\\logAuditHelper.js:22:24)","timestamp":"2024-05-18 19:30:29"}
{"level":"info","message":"User retrieved: masteradmin","timestamp":"2024-05-18 19:30:52"}
{"level":"info","message":"User retrieved: masteradmin","timestamp":"2024-05-18 19:30:53"}
{"level":"error","message":"API Error: Invalid file type. Only JPEG, PNG, WEBP, JPG, GIF are allowed.","method":"PUT","path":"/api/updateUserImage/661e35196717a0283a498739","stack":"No additional details provided.","status":500,"timestamp":"2024-05-18 19:31:31"}
{"_message":"AuditLog validation failed","errors":{"targetDoc":{"kind":"ObjectId","message":"Cast to ObjectId failed for value \"/api/updateUserImage/661e35196717a0283a498739\" (type string) at path \"targetDoc\" because of \"BSONError\"","name":"CastError","path":"targetDoc","reason":{},"stringValue":"\"/api/updateUserImage/661e35196717a0283a498739\"","value":"/api/updateUserImage/661e35196717a0283a498739","valueType":"string"}},"level":"error","message":"Error creating audit log:  AuditLog validation failed: targetDoc: Cast to ObjectId failed for value \"/api/updateUserImage/661e35196717a0283a498739\" (type string) at path \"targetDoc\" because of \"BSONError\"","stack":"ValidationError: AuditLog validation failed: targetDoc: Cast to ObjectId failed for value \"/api/updateUserImage/661e35196717a0283a498739\" (type string) at path \"targetDoc\" because of \"BSONError\"\n    at Document.invalidate (C:\\Users\\Javier\\Documents\\proyectos\\e-commerce\\back\\node_modules\\mongoose\\lib\\document.js:3200:32)\n    at model.$set (C:\\Users\\Javier\\Documents\\proyectos\\e-commerce\\back\\node_modules\\mongoose\\lib\\document.js:1459:12)\n    at model.$set (C:\\Users\\Javier\\Documents\\proyectos\\e-commerce\\back\\node_modules\\mongoose\\lib\\document.js:1113:16)\n    at model.Document (C:\\Users\\Javier\\Documents\\proyectos\\e-commerce\\back\\node_modules\\mongoose\\lib\\document.js:166:12)\n    at model.Model (C:\\Users\\Javier\\Documents\\proyectos\\e-commerce\\back\\node_modules\\mongoose\\lib\\model.js:130:12)\n    at new model (C:\\Users\\Javier\\Documents\\proyectos\\e-commerce\\back\\node_modules\\mongoose\\lib\\model.js:4802:15)\n    at C:\\Users\\Javier\\Documents\\proyectos\\e-commerce\\back\\node_modules\\mongoose\\lib\\model.js:2944:20\n    at Array.map (<anonymous>)\n    at Function.create (C:\\Users\\Javier\\Documents\\proyectos\\e-commerce\\back\\node_modules\\mongoose\\lib\\model.js:2932:34)\n    at logAudit (C:\\Users\\Javier\\Documents\\proyectos\\e-commerce\\back\\helpers\\logAuditHelper.js:22:24)","timestamp":"2024-05-18 19:31:32"}
{"level":"info","message":"User retrieved: masteradmin","timestamp":"2024-05-18 19:31:39"}
{"level":"error","message":"API Error: Invalid file type. Only JPEG, PNG, WEBP, JPG, GIF are allowed.","method":"PUT","path":"/api/updateUserImage/661e35196717a0283a498739","stack":"No additional details provided.","status":500,"timestamp":"2024-05-18 19:32:28"}
{"_message":"AuditLog validation failed","errors":{"targetDoc":{"kind":"ObjectId","message":"Cast to ObjectId failed for value \"/api/updateUserImage/661e35196717a0283a498739\" (type string) at path \"targetDoc\" because of \"BSONError\"","name":"CastError","path":"targetDoc","reason":{},"stringValue":"\"/api/updateUserImage/661e35196717a0283a498739\"","value":"/api/updateUserImage/661e35196717a0283a498739","valueType":"string"}},"level":"error","message":"Error creating audit log:  AuditLog validation failed: targetDoc: Cast to ObjectId failed for value \"/api/updateUserImage/661e35196717a0283a498739\" (type string) at path \"targetDoc\" because of \"BSONError\"","stack":"ValidationError: AuditLog validation failed: targetDoc: Cast to ObjectId failed for value \"/api/updateUserImage/661e35196717a0283a498739\" (type string) at path \"targetDoc\" because of \"BSONError\"\n    at Document.invalidate (C:\\Users\\Javier\\Documents\\proyectos\\e-commerce\\back\\node_modules\\mongoose\\lib\\document.js:3200:32)\n    at model.$set (C:\\Users\\Javier\\Documents\\proyectos\\e-commerce\\back\\node_modules\\mongoose\\lib\\document.js:1459:12)\n    at model.$set (C:\\Users\\Javier\\Documents\\proyectos\\e-commerce\\back\\node_modules\\mongoose\\lib\\document.js:1113:16)\n    at model.Document (C:\\Users\\Javier\\Documents\\proyectos\\e-commerce\\back\\node_modules\\mongoose\\lib\\document.js:166:12)\n    at model.Model (C:\\Users\\Javier\\Documents\\proyectos\\e-commerce\\back\\node_modules\\mongoose\\lib\\model.js:130:12)\n    at new model (C:\\Users\\Javier\\Documents\\proyectos\\e-commerce\\back\\node_modules\\mongoose\\lib\\model.js:4802:15)\n    at C:\\Users\\Javier\\Documents\\proyectos\\e-commerce\\back\\node_modules\\mongoose\\lib\\model.js:2944:20\n    at Array.map (<anonymous>)\n    at Function.create (C:\\Users\\Javier\\Documents\\proyectos\\e-commerce\\back\\node_modules\\mongoose\\lib\\model.js:2932:34)\n    at logAudit (C:\\Users\\Javier\\Documents\\proyectos\\e-commerce\\back\\helpers\\logAuditHelper.js:22:24)","timestamp":"2024-05-18 19:32:28"}
{"level":"info","message":"User retrieved: masteradmin","timestamp":"2024-05-18 19:33:20"}
{"level":"info","message":"User retrieved: masteradmin","timestamp":"2024-05-18 19:33:24"}
{"level":"info","message":"User retrieved: masteradmin","timestamp":"2024-05-18 19:44:57"}
{"level":"info","message":"User retrieved: masteradmin","timestamp":"2024-05-18 19:45:00"}
{"level":"info","message":"User retrieved: masteradmin","timestamp":"2024-05-18 19:45:34"}
{"level":"info","message":"User retrieved: masteradmin","timestamp":"2024-05-18 19:45:35"}
{"level":"info","message":"User retrieved: masteradmin","timestamp":"2024-05-18 19:46:51"}
{"level":"info","message":"User retrieved: masteradmin","timestamp":"2024-05-18 19:46:57"}
{"level":"info","message":"User retrieved: masteradmin","timestamp":"2024-05-18 19:52:03"}
{"level":"info","message":"User retrieved: masteradmin","timestamp":"2024-05-18 19:52:05"}
{"level":"info","message":"User retrieved: masteradmin","timestamp":"2024-05-18 19:53:46"}
{"level":"info","message":"User retrieved: masteradmin","timestamp":"2024-05-18 19:53:52"}
{"level":"info","message":"User retrieved: masteradmin","timestamp":"2024-05-18 19:57:03"}
{"level":"info","message":"User retrieved: masteradmin","timestamp":"2024-05-18 19:57:06"}
{"level":"info","message":"User retrieved: masteradmin","timestamp":"2024-05-18 19:58:45"}
{"level":"info","message":"User retrieved: masteradmin","timestamp":"2024-05-18 19:58:47"}
{"level":"info","message":"User retrieved: masteradmin","timestamp":"2024-05-18 19:59:57"}
{"level":"info","message":"User retrieved: masteradmin","timestamp":"2024-05-18 19:59:58"}
{"level":"info","message":"User retrieved: masteradmin","timestamp":"2024-05-18 20:06:53"}
{"level":"info","message":"User retrieved: masteradmin","timestamp":"2024-05-18 20:06:54"}
{"level":"info","message":"User retrieved: masteradmin","timestamp":"2024-05-18 20:07:18"}
{"level":"info","message":"User retrieved: masteradmin","timestamp":"2024-05-18 20:07:20"}
{"level":"info","message":"User masteradmin Successful login","timestamp":"2024-05-18 20:07:36"}
{"level":"info","message":"User retrieved: masteradmin","timestamp":"2024-05-18 20:07:50"}
{"level":"info","message":"User retrieved: masteradmin","timestamp":"2024-05-18 20:07:51"}
{"level":"info","message":"User retrieved: masteradmin","timestamp":"2024-05-18 20:08:38"}
{"level":"info","message":"User retrieved: masteradmin","timestamp":"2024-05-18 20:08:39"}
{"level":"info","message":"User retrieved: masteradmin","timestamp":"2024-05-18 20:09:30"}
{"level":"info","message":"User retrieved: masteradmin","timestamp":"2024-05-18 20:09:31"}
{"level":"info","message":"User retrieved: masteradmin","timestamp":"2024-05-18 20:10:13"}
{"level":"info","message":"User retrieved: masteradmin","timestamp":"2024-05-18 20:10:15"}
{"level":"info","message":"User retrieved: masteradmin","timestamp":"2024-05-18 20:23:10"}
{"level":"info","message":"User retrieved: masteradmin","timestamp":"2024-05-18 20:23:11"}
{"level":"info","message":"User retrieved: masteradmin","timestamp":"2024-05-18 20:29:58"}
{"level":"info","message":"User retrieved: masteradmin","timestamp":"2024-05-18 20:30:00"}
{"level":"info","message":"User retrieved: masteradmin","timestamp":"2024-05-18 20:30:24"}
{"level":"info","message":"User retrieved: masteradmin","timestamp":"2024-05-18 20:30:25"}
{"level":"info","message":"User retrieved: masteradmin","timestamp":"2024-05-18 20:33:11"}
{"level":"info","message":"User retrieved: masteradmin","timestamp":"2024-05-18 20:33:13"}
{"level":"info","message":"User retrieved: masteradmin","timestamp":"2024-05-18 20:43:27"}
{"level":"info","message":"User retrieved: masteradmin","timestamp":"2024-05-18 20:43:29"}
{"level":"info","message":"User retrieved: masteradmin","timestamp":"2024-05-18 20:43:36"}
{"level":"info","message":"User retrieved: masteradmin","timestamp":"2024-05-18 20:43:37"}
{"level":"info","message":"User retrieved: masteradmin","timestamp":"2024-05-18 20:43:45"}
{"level":"info","message":"User retrieved: masteradmin","timestamp":"2024-05-18 20:43:46"}
{"level":"info","message":"User retrieved: masteradmin","timestamp":"2024-05-18 20:44:11"}
{"level":"info","message":"User retrieved: masteradmin","timestamp":"2024-05-18 20:44:11"}
{"level":"info","message":"User retrieved: masteradmin","timestamp":"2024-05-18 20:44:59"}
{"level":"info","message":"User retrieved: masteradmin","timestamp":"2024-05-18 20:45:00"}
{"level":"info","message":"User retrieved: masteradmin","timestamp":"2024-05-18 20:47:12"}
{"level":"info","message":"User retrieved: masteradmin","timestamp":"2024-05-18 20:47:14"}
{"level":"info","message":"User retrieved: masteradmin","timestamp":"2024-05-18 20:57:02"}
{"level":"info","message":"User retrieved: masteradmin","timestamp":"2024-05-18 20:57:04"}
{"level":"info","message":"Existing Google user logged in: gennarobarret","timestamp":"2024-05-18 21:03:58"}
