{"level":"info","message":"User masteradmin Successful login","timestamp":"2024-05-25 07:42:28"}
{"level":"info","message":"Existing Google user logged in: gennarobarret","timestamp":"2024-05-25 07:43:25"}
{"level":"info","message":"User masteradmin Successful login","timestamp":"2024-05-25 07:45:56"}
{"level":"info","message":"User retrieved: masteradmin","timestamp":"2024-05-25 07:46:07"}
{"level":"info","message":"User retrieved: masteradmin","timestamp":"2024-05-25 07:46:08"}
{"level":"info","message":"User retrieved: masteradmin","timestamp":"2024-05-25 08:00:15"}
{"level":"info","message":"User retrieved: masteradmin","timestamp":"2024-05-25 08:00:16"}
{"level":"info","message":"User retrieved: masteradmin","timestamp":"2024-05-25 08:02:37"}
{"level":"info","message":"User retrieved: masteradmin","timestamp":"2024-05-25 08:02:38"}
{"level":"info","message":"User retrieved: masteradmin","timestamp":"2024-05-25 08:05:55"}
{"level":"info","message":"User retrieved: masteradmin","timestamp":"2024-05-25 08:05:56"}
{"level":"info","message":"Existing Google user logged in: gennarobarret","timestamp":"2024-05-25 08:06:27"}
{"level":"info","message":"Existing Google user logged in: gennarobarret","timestamp":"2024-05-25 08:07:17"}
{"level":"info","message":"User masteradmin Successful login","timestamp":"2024-05-25 08:07:58"}
{"level":"info","message":"Existing Google user logged in: gennarobarret","timestamp":"2024-05-25 08:08:24"}
{"level":"info","message":"User masteradmin Successful login","timestamp":"2024-05-25 08:10:21"}
{"level":"info","message":"User masteradmin Successful login","timestamp":"2024-05-25 08:13:18"}
{"level":"info","message":"Existing Google user logged in: gennarobarret","timestamp":"2024-05-25 08:17:27"}
{"level":"info","message":"User masteradmin Successful login","timestamp":"2024-05-25 08:17:51"}
{"level":"info","message":"User masteradmin Successful login","timestamp":"2024-05-25 08:24:16"}
{"level":"info","message":"Existing Google user logged in: gennarobarret","timestamp":"2024-05-25 08:30:24"}
{"level":"info","message":"User masteradmin Successful login","timestamp":"2024-05-25 08:30:48"}
{"level":"info","message":"User retrieved: masteradmin","timestamp":"2024-05-25 08:40:05"}
{"level":"info","message":"User retrieved: masteradmin","timestamp":"2024-05-25 08:40:05"}
{"level":"info","message":"User retrieved: masteradmin","timestamp":"2024-05-25 08:56:47"}
{"level":"info","message":"User retrieved: masteradmin","timestamp":"2024-05-25 08:56:48"}
{"level":"info","message":"User retrieved: masteradmin","timestamp":"2024-05-25 09:08:25"}
{"level":"info","message":"User masteradmin Successful login","timestamp":"2024-05-25 09:08:59"}
{"level":"info","message":"User retrieved: masteradmin","timestamp":"2024-05-25 09:11:03"}
{"level":"info","message":"User retrieved: masteradmin","timestamp":"2024-05-25 09:18:39"}
{"level":"info","message":"Existing Google user logged in: gennarobarret","timestamp":"2024-05-25 09:19:13"}
{"level":"info","message":"User masteradmin Successful login","timestamp":"2024-05-25 09:21:33"}
{"level":"info","message":"User masteradmin Successful login","timestamp":"2024-05-25 09:21:51"}
{"level":"info","message":"User retrieved: masteradmin","timestamp":"2024-05-25 09:22:11"}
{"level":"info","message":"User retrieved: masteradmin","timestamp":"2024-05-25 09:22:11"}
{"level":"info","message":"User retrieved: masteradmin","timestamp":"2024-05-25 09:23:18"}
{"level":"info","message":"User retrieved: masteradmin","timestamp":"2024-05-25 09:23:18"}
{"level":"info","message":"User retrieved: masteradmin","timestamp":"2024-05-25 09:26:01"}
{"level":"info","message":"User retrieved: masteradmin","timestamp":"2024-05-25 09:27:36"}
{"level":"info","message":"User retrieved: masteradmin","timestamp":"2024-05-25 09:27:36"}
{"level":"info","message":"User retrieved: masteradmin","timestamp":"2024-05-25 09:28:23"}
{"level":"info","message":"User retrieved: masteradmin","timestamp":"2024-05-25 09:28:24"}
{"level":"info","message":"User retrieved: masteradmin","timestamp":"2024-05-25 09:28:33"}
{"level":"info","message":"User retrieved: masteradmin","timestamp":"2024-05-25 09:28:33"}
{"level":"info","message":"User retrieved: masteradmin","timestamp":"2024-05-25 09:29:20"}
{"level":"info","message":"User retrieved: masteradmin","timestamp":"2024-05-25 09:29:20"}
{"level":"info","message":"User retrieved: masteradmin","timestamp":"2024-05-25 09:30:03"}
{"level":"info","message":"User retrieved: masteradmin","timestamp":"2024-05-25 09:30:03"}
{"level":"info","message":"User retrieved: masteradmin","timestamp":"2024-05-25 09:30:27"}
{"level":"info","message":"User retrieved: masteradmin","timestamp":"2024-05-25 09:30:28"}
{"level":"info","message":"User retrieved: masteradmin","timestamp":"2024-05-25 09:31:15"}
{"level":"info","message":"User retrieved: masteradmin","timestamp":"2024-05-25 09:31:15"}
{"level":"info","message":"User retrieved: masteradmin","timestamp":"2024-05-25 09:33:00"}
{"level":"info","message":"User retrieved: masteradmin","timestamp":"2024-05-25 09:33:02"}
{"level":"info","message":"User retrieved: masteradmin","timestamp":"2024-05-25 09:33:55"}
{"level":"info","message":"User retrieved: masteradmin","timestamp":"2024-05-25 09:34:40"}
{"level":"info","message":"User retrieved: masteradmin","timestamp":"2024-05-25 09:36:46"}
{"level":"info","message":"User retrieved: masteradmin","timestamp":"2024-05-25 09:36:46"}
{"level":"info","message":"User retrieved: masteradmin","timestamp":"2024-05-25 09:37:37"}
{"level":"info","message":"User retrieved: masteradmin","timestamp":"2024-05-25 09:37:37"}
{"level":"info","message":"User retrieved: masteradmin","timestamp":"2024-05-25 09:37:59"}
{"level":"info","message":"User retrieved: masteradmin","timestamp":"2024-05-25 09:37:59"}
{"level":"info","message":"User retrieved: masteradmin","timestamp":"2024-05-25 09:39:36"}
{"level":"info","message":"User retrieved: masteradmin","timestamp":"2024-05-25 09:39:36"}
{"level":"info","message":"User retrieved: masteradmin","timestamp":"2024-05-25 09:40:25"}
{"level":"info","message":"User retrieved: masteradmin","timestamp":"2024-05-25 09:40:25"}
{"level":"info","message":"User retrieved: masteradmin","timestamp":"2024-05-25 09:53:05"}
{"level":"info","message":"User retrieved: masteradmin","timestamp":"2024-05-25 09:53:05"}
{"level":"info","message":"User retrieved: masteradmin","timestamp":"2024-05-25 09:53:30"}
{"level":"info","message":"User retrieved: masteradmin","timestamp":"2024-05-25 09:53:30"}
{"level":"info","message":"User retrieved: masteradmin","timestamp":"2024-05-25 09:53:53"}
{"level":"info","message":"User retrieved: masteradmin","timestamp":"2024-05-25 09:53:53"}
{"level":"info","message":"User retrieved: masteradmin","timestamp":"2024-05-25 09:54:03"}
{"level":"info","message":"User retrieved: masteradmin","timestamp":"2024-05-25 09:54:03"}
{"level":"info","message":"User retrieved: masteradmin","timestamp":"2024-05-25 09:54:10"}
{"level":"info","message":"User retrieved: masteradmin","timestamp":"2024-05-25 09:54:10"}
{"level":"info","message":"User masteradmin Successful login","timestamp":"2024-05-25 10:04:06"}
{"level":"info","message":"Existing Google user logged in: gennarobarret","timestamp":"2024-05-25 10:04:47"}
{"level":"info","message":"User masteradmin Successful login","timestamp":"2024-05-25 10:13:17"}
{"level":"info","message":"User retrieved: masteradmin","timestamp":"2024-05-25 10:13:17"}
{"level":"info","message":"User masteradmin Successful login","timestamp":"2024-05-25 10:13:40"}
{"level":"info","message":"User masteradmin Successful login","timestamp":"2024-05-25 10:14:59"}
{"level":"info","message":"User retrieved: masteradmin","timestamp":"2024-05-25 10:14:59"}
{"level":"info","message":"User retrieved: masteradmin","timestamp":"2024-05-25 10:16:01"}
{"level":"info","message":"User retrieved: masteradmin","timestamp":"2024-05-25 10:16:51"}
{"level":"info","message":"User retrieved: masteradmin","timestamp":"2024-05-25 10:16:51"}
{"level":"info","message":"User masteradmin Successful login","timestamp":"2024-05-25 10:17:11"}
{"level":"info","message":"User retrieved: masteradmin","timestamp":"2024-05-25 10:17:11"}
{"level":"info","message":"User retrieved: masteradmin","timestamp":"2024-05-25 10:18:06"}
{"level":"info","message":"User retrieved: masteradmin","timestamp":"2024-05-25 10:18:08"}
{"level":"info","message":"User retrieved: masteradmin","timestamp":"2024-05-25 10:18:08"}
{"level":"info","message":"User retrieved: masteradmin","timestamp":"2024-05-25 10:18:47"}
{"level":"info","message":"User retrieved: masteradmin","timestamp":"2024-05-25 10:21:00"}
{"level":"info","message":"User retrieved: masteradmin","timestamp":"2024-05-25 10:21:00"}
{"level":"info","message":"User retrieved: masteradmin","timestamp":"2024-05-25 10:21:06"}
{"level":"info","message":"User retrieved: masteradmin","timestamp":"2024-05-25 10:21:07"}
{"level":"info","message":"User retrieved: masteradmin","timestamp":"2024-05-25 10:22:28"}
{"level":"info","message":"User retrieved: masteradmin","timestamp":"2024-05-25 10:22:29"}
{"level":"info","message":"User retrieved: masteradmin","timestamp":"2024-05-25 10:22:31"}
{"level":"info","message":"User retrieved: masteradmin","timestamp":"2024-05-25 10:22:33"}
{"level":"info","message":"User retrieved: masteradmin","timestamp":"2024-05-25 10:22:56"}
{"level":"info","message":"User retrieved: masteradmin","timestamp":"2024-05-25 10:22:56"}
{"level":"info","message":"User retrieved: masteradmin","timestamp":"2024-05-25 10:23:34"}
{"level":"info","message":"User retrieved: masteradmin","timestamp":"2024-05-25 10:23:35"}
{"level":"info","message":"User retrieved: masteradmin","timestamp":"2024-05-25 10:23:42"}
{"level":"info","message":"User retrieved: masteradmin","timestamp":"2024-05-25 10:23:42"}
{"level":"info","message":"User retrieved: masteradmin","timestamp":"2024-05-25 10:23:56"}
{"level":"info","message":"User retrieved: masteradmin","timestamp":"2024-05-25 10:23:56"}
{"level":"info","message":"User retrieved: masteradmin","timestamp":"2024-05-25 10:27:29"}
{"level":"info","message":"User retrieved: masteradmin","timestamp":"2024-05-25 10:27:30"}
{"level":"info","message":"User retrieved: masteradmin","timestamp":"2024-05-25 10:27:35"}
{"level":"info","message":"User retrieved: masteradmin","timestamp":"2024-05-25 10:27:35"}
{"level":"info","message":"User retrieved: masteradmin","timestamp":"2024-05-25 10:28:54"}
{"level":"info","message":"User retrieved: masteradmin","timestamp":"2024-05-25 10:28:55"}
{"level":"info","message":"User retrieved: masteradmin","timestamp":"2024-05-25 10:29:04"}
{"level":"info","message":"User retrieved: masteradmin","timestamp":"2024-05-25 10:29:04"}
{"level":"info","message":"User retrieved: masteradmin","timestamp":"2024-05-25 10:44:27"}
{"level":"info","message":"User retrieved: masteradmin","timestamp":"2024-05-25 10:44:28"}
{"level":"info","message":"User retrieved: masteradmin","timestamp":"2024-05-25 10:44:34"}
{"level":"info","message":"User retrieved: masteradmin","timestamp":"2024-05-25 10:44:34"}
{"level":"info","message":"User retrieved: masteradmin","timestamp":"2024-05-25 10:47:03"}
{"level":"info","message":"User retrieved: masteradmin","timestamp":"2024-05-25 10:47:03"}
{"level":"info","message":"User retrieved: masteradmin","timestamp":"2024-05-25 10:47:09"}
{"level":"info","message":"User retrieved: masteradmin","timestamp":"2024-05-25 10:47:09"}
{"level":"info","message":"User retrieved: masteradmin","timestamp":"2024-05-25 10:49:59"}
{"level":"info","message":"User retrieved: masteradmin","timestamp":"2024-05-25 10:49:59"}
{"level":"info","message":"User retrieved: masteradmin","timestamp":"2024-05-25 10:50:07"}
{"level":"info","message":"User retrieved: masteradmin","timestamp":"2024-05-25 10:50:08"}
{"level":"info","message":"User retrieved: masteradmin","timestamp":"2024-05-25 10:50:27"}
{"level":"info","message":"User retrieved: masteradmin","timestamp":"2024-05-25 10:50:27"}
{"level":"info","message":"User retrieved: masteradmin","timestamp":"2024-05-25 10:54:24"}
{"level":"info","message":"User retrieved: masteradmin","timestamp":"2024-05-25 10:54:24"}
{"level":"info","message":"User retrieved: masteradmin","timestamp":"2024-05-25 10:54:32"}
{"level":"info","message":"User retrieved: masteradmin","timestamp":"2024-05-25 10:54:33"}
{"level":"info","message":"User retrieved: masteradmin","timestamp":"2024-05-25 10:54:50"}
{"level":"info","message":"User retrieved: masteradmin","timestamp":"2024-05-25 10:54:51"}
{"level":"info","message":"User retrieved: masteradmin","timestamp":"2024-05-25 11:43:11"}
{"level":"info","message":"User retrieved: masteradmin","timestamp":"2024-05-25 11:43:12"}
{"level":"info","message":"User retrieved: masteradmin","timestamp":"2024-05-25 11:43:21"}
{"level":"info","message":"User retrieved: masteradmin","timestamp":"2024-05-25 11:43:22"}
{"level":"info","message":"User retrieved: masteradmin","timestamp":"2024-05-25 11:43:30"}
{"level":"info","message":"User retrieved: masteradmin","timestamp":"2024-05-25 11:43:30"}
{"level":"info","message":"User retrieved: masteradmin","timestamp":"2024-05-25 11:43:32"}
{"level":"info","message":"User retrieved: masteradmin","timestamp":"2024-05-25 11:43:32"}
{"level":"info","message":"User retrieved: masteradmin","timestamp":"2024-05-25 11:43:55"}
{"level":"info","message":"User retrieved: masteradmin","timestamp":"2024-05-25 11:43:55"}
{"level":"info","message":"User retrieved: masteradmin","timestamp":"2024-05-25 11:43:57"}
{"level":"info","message":"User retrieved: masteradmin","timestamp":"2024-05-25 11:43:57"}
{"level":"info","message":"User retrieved: masteradmin","timestamp":"2024-05-25 11:45:27"}
{"level":"info","message":"User retrieved: masteradmin","timestamp":"2024-05-25 11:45:27"}
{"level":"info","message":"User retrieved: masteradmin","timestamp":"2024-05-25 11:45:28"}
{"level":"info","message":"User retrieved: masteradmin","timestamp":"2024-05-25 11:45:28"}
{"level":"info","message":"User retrieved: masteradmin","timestamp":"2024-05-25 11:45:46"}
{"level":"info","message":"User retrieved: masteradmin","timestamp":"2024-05-25 11:45:46"}
{"level":"info","message":"User retrieved: masteradmin","timestamp":"2024-05-25 11:45:55"}
{"level":"info","message":"User retrieved: masteradmin","timestamp":"2024-05-25 11:46:00"}
{"level":"info","message":"User retrieved: masteradmin","timestamp":"2024-05-25 11:46:27"}
{"level":"info","message":"User retrieved: masteradmin","timestamp":"2024-05-25 11:46:27"}
{"level":"info","message":"User retrieved: masteradmin","timestamp":"2024-05-25 11:46:42"}
{"level":"info","message":"User retrieved: masteradmin","timestamp":"2024-05-25 11:46:42"}
{"level":"info","message":"User retrieved: masteradmin","timestamp":"2024-05-25 11:46:47"}
{"level":"info","message":"User retrieved: masteradmin","timestamp":"2024-05-25 11:46:48"}
{"level":"info","message":"User retrieved: masteradmin","timestamp":"2024-05-25 11:52:50"}
{"level":"info","message":"User retrieved: masteradmin","timestamp":"2024-05-25 11:52:51"}
{"level":"info","message":"User retrieved: masteradmin","timestamp":"2024-05-25 11:53:01"}
{"level":"info","message":"User retrieved: masteradmin","timestamp":"2024-05-25 11:53:01"}
{"level":"info","message":"User retrieved: masteradmin","timestamp":"2024-05-25 11:53:52"}
{"level":"info","message":"User retrieved: masteradmin","timestamp":"2024-05-25 11:53:54"}
{"level":"info","message":"User retrieved: masteradmin","timestamp":"2024-05-25 11:54:06"}
{"level":"info","message":"User retrieved: masteradmin","timestamp":"2024-05-25 11:54:06"}
{"level":"info","message":"User retrieved: masteradmin","timestamp":"2024-05-25 11:58:09"}
{"level":"info","message":"User retrieved: masteradmin","timestamp":"2024-05-25 11:58:10"}
{"level":"info","message":"User retrieved: masteradmin","timestamp":"2024-05-25 11:58:26"}
{"level":"info","message":"User retrieved: masteradmin","timestamp":"2024-05-25 11:58:30"}
{"level":"info","message":"User retrieved: masteradmin","timestamp":"2024-05-25 12:02:49"}
{"level":"info","message":"User retrieved: masteradmin","timestamp":"2024-05-25 12:02:50"}
{"level":"info","message":"User retrieved: masteradmin","timestamp":"2024-05-25 12:03:21"}
{"level":"info","message":"User retrieved: masteradmin","timestamp":"2024-05-25 12:03:21"}
{"level":"info","message":"User retrieved: masteradmin","timestamp":"2024-05-25 12:04:30"}
{"level":"info","message":"User retrieved: masteradmin","timestamp":"2024-05-25 12:04:30"}
{"level":"info","message":"User retrieved: masteradmin","timestamp":"2024-05-25 12:05:24"}
{"level":"info","message":"User retrieved: masteradmin","timestamp":"2024-05-25 12:05:25"}
{"level":"info","message":"User retrieved: masteradmin","timestamp":"2024-05-25 12:06:54"}
{"level":"info","message":"User retrieved: masteradmin","timestamp":"2024-05-25 12:06:55"}
{"level":"info","message":"User retrieved: masteradmin","timestamp":"2024-05-25 12:06:58"}
{"level":"info","message":"User retrieved: masteradmin","timestamp":"2024-05-25 12:07:06"}
{"level":"info","message":"User retrieved: masteradmin","timestamp":"2024-05-25 12:07:09"}
{"level":"info","message":"User retrieved: masteradmin","timestamp":"2024-05-25 12:07:12"}
{"level":"info","message":"User retrieved: masteradmin","timestamp":"2024-05-25 12:07:27"}
{"level":"info","message":"User retrieved: masteradmin","timestamp":"2024-05-25 12:07:27"}
{"level":"info","message":"User retrieved: masteradmin","timestamp":"2024-05-25 12:11:41"}
{"level":"info","message":"User retrieved: masteradmin","timestamp":"2024-05-25 12:11:42"}
{"level":"info","message":"User retrieved: masteradmin","timestamp":"2024-05-25 12:11:43"}
{"level":"info","message":"User retrieved: masteradmin","timestamp":"2024-05-25 12:11:49"}
{"level":"info","message":"User retrieved: masteradmin","timestamp":"2024-05-25 12:13:01"}
{"level":"info","message":"User retrieved: masteradmin","timestamp":"2024-05-25 12:13:05"}
{"level":"info","message":"User retrieved: masteradmin","timestamp":"2024-05-25 12:13:06"}
{"level":"info","message":"User retrieved: masteradmin","timestamp":"2024-05-25 12:13:08"}
{"level":"info","message":"User retrieved: masteradmin","timestamp":"2024-05-25 12:16:35"}
{"level":"info","message":"User retrieved: masteradmin","timestamp":"2024-05-25 12:16:35"}
{"level":"info","message":"User retrieved: masteradmin","timestamp":"2024-05-25 12:16:46"}
{"level":"info","message":"User retrieved: masteradmin","timestamp":"2024-05-25 12:16:47"}
{"level":"info","message":"User retrieved: masteradmin","timestamp":"2024-05-25 12:26:13"}
{"level":"info","message":"User retrieved: masteradmin","timestamp":"2024-05-25 12:26:14"}
{"level":"info","message":"User retrieved: masteradmin","timestamp":"2024-05-25 12:29:07"}
{"level":"info","message":"User retrieved: masteradmin","timestamp":"2024-05-25 12:29:08"}
{"level":"info","message":"User retrieved: masteradmin","timestamp":"2024-05-25 12:29:41"}
{"level":"info","message":"User retrieved: masteradmin","timestamp":"2024-05-25 12:29:42"}
{"level":"info","message":"User retrieved: masteradmin","timestamp":"2024-05-25 12:30:58"}
{"level":"info","message":"User retrieved: masteradmin","timestamp":"2024-05-25 12:30:59"}
{"level":"info","message":"User retrieved: masteradmin","timestamp":"2024-05-25 12:34:08"}
{"level":"info","message":"User retrieved: masteradmin","timestamp":"2024-05-25 12:34:10"}
{"level":"info","message":"User retrieved: masteradmin","timestamp":"2024-05-25 12:34:40"}
{"level":"info","message":"User retrieved: masteradmin","timestamp":"2024-05-25 12:34:43"}
{"level":"info","message":"User retrieved: masteradmin","timestamp":"2024-05-25 12:35:18"}
{"level":"info","message":"User retrieved: masteradmin","timestamp":"2024-05-25 12:35:24"}
{"level":"info","message":"User retrieved: masteradmin","timestamp":"2024-05-25 12:35:38"}
{"level":"info","message":"User retrieved: masteradmin","timestamp":"2024-05-25 12:35:39"}
{"level":"info","message":"User retrieved: masteradmin","timestamp":"2024-05-25 12:37:49"}
{"level":"info","message":"User retrieved: masteradmin","timestamp":"2024-05-25 12:37:51"}
{"level":"info","message":"User retrieved: masteradmin","timestamp":"2024-05-25 12:39:50"}
{"level":"info","message":"User retrieved: masteradmin","timestamp":"2024-05-25 12:39:51"}
{"level":"info","message":"User retrieved: masteradmin","timestamp":"2024-05-25 12:40:58"}
{"level":"info","message":"User retrieved: masteradmin","timestamp":"2024-05-25 12:40:59"}
{"level":"info","message":"User retrieved: masteradmin","timestamp":"2024-05-25 12:41:37"}
{"level":"info","message":"User retrieved: masteradmin","timestamp":"2024-05-25 12:41:39"}
{"level":"info","message":"User retrieved: masteradmin","timestamp":"2024-05-25 12:41:51"}
{"level":"info","message":"User retrieved: masteradmin","timestamp":"2024-05-25 12:41:53"}
{"level":"info","message":"User retrieved: masteradmin","timestamp":"2024-05-25 12:44:27"}
{"level":"info","message":"User retrieved: masteradmin","timestamp":"2024-05-25 12:44:28"}
{"level":"info","message":"User retrieved: masteradmin","timestamp":"2024-05-25 12:54:07"}
{"level":"info","message":"User retrieved: masteradmin","timestamp":"2024-05-25 12:54:07"}
{"level":"info","message":"User retrieved: masteradmin","timestamp":"2024-05-25 12:54:07"}
{"level":"info","message":"User retrieved: masteradmin","timestamp":"2024-05-25 12:54:08"}
{"level":"info","message":"User retrieved: masteradmin","timestamp":"2024-05-25 12:55:05"}
{"level":"info","message":"User retrieved: masteradmin","timestamp":"2024-05-25 12:55:05"}
{"level":"info","message":"User retrieved: masteradmin","timestamp":"2024-05-25 12:59:28"}
{"level":"info","message":"User retrieved: masteradmin","timestamp":"2024-05-25 12:59:28"}
{"level":"info","message":"User retrieved: masteradmin","timestamp":"2024-05-25 12:59:29"}
{"level":"info","message":"User retrieved: masteradmin","timestamp":"2024-05-25 12:59:32"}
{"level":"info","message":"User retrieved: masteradmin","timestamp":"2024-05-25 12:59:34"}
{"level":"info","message":"User retrieved: masteradmin","timestamp":"2024-05-25 12:59:34"}
{"level":"info","message":"User retrieved: masteradmin","timestamp":"2024-05-25 12:59:34"}
{"level":"info","message":"User retrieved: masteradmin","timestamp":"2024-05-25 12:59:35"}
{"level":"info","message":"User retrieved: masteradmin","timestamp":"2024-05-25 13:00:13"}
{"level":"info","message":"User retrieved: masteradmin","timestamp":"2024-05-25 13:00:13"}
{"level":"info","message":"User retrieved: masteradmin","timestamp":"2024-05-25 13:00:13"}
{"level":"info","message":"User retrieved: masteradmin","timestamp":"2024-05-25 13:00:15"}
{"level":"info","message":"User retrieved: masteradmin","timestamp":"2024-05-25 13:05:24"}
{"level":"info","message":"User retrieved: masteradmin","timestamp":"2024-05-25 13:05:25"}
{"level":"info","message":"User retrieved: masteradmin","timestamp":"2024-05-25 13:05:25"}
{"level":"info","message":"User retrieved: masteradmin","timestamp":"2024-05-25 13:05:25"}
{"level":"info","message":"User retrieved: masteradmin","timestamp":"2024-05-25 13:06:09"}
{"level":"info","message":"User retrieved: masteradmin","timestamp":"2024-05-25 13:06:09"}
{"level":"info","message":"User retrieved: masteradmin","timestamp":"2024-05-25 13:06:09"}
{"level":"info","message":"User retrieved: masteradmin","timestamp":"2024-05-25 13:06:10"}
{"level":"info","message":"User retrieved: masteradmin","timestamp":"2024-05-25 13:06:52"}
{"level":"info","message":"User retrieved: masteradmin","timestamp":"2024-05-25 13:06:53"}
{"level":"info","message":"User retrieved: masteradmin","timestamp":"2024-05-25 13:06:54"}
{"level":"info","message":"User retrieved: masteradmin","timestamp":"2024-05-25 13:06:54"}
{"level":"info","message":"User retrieved: masteradmin","timestamp":"2024-05-25 13:07:30"}
{"level":"info","message":"User retrieved: masteradmin","timestamp":"2024-05-25 13:07:30"}
{"level":"info","message":"User retrieved: masteradmin","timestamp":"2024-05-25 13:07:30"}
{"level":"info","message":"User retrieved: masteradmin","timestamp":"2024-05-25 13:07:31"}
{"level":"info","message":"User retrieved: masteradmin","timestamp":"2024-05-25 13:08:06"}
{"level":"info","message":"User retrieved: masteradmin","timestamp":"2024-05-25 13:08:06"}
{"level":"info","message":"User retrieved: masteradmin","timestamp":"2024-05-25 13:08:06"}
{"level":"info","message":"User retrieved: masteradmin","timestamp":"2024-05-25 13:08:08"}
{"level":"info","message":"User retrieved: masteradmin","timestamp":"2024-05-25 13:09:08"}
{"level":"info","message":"User retrieved: masteradmin","timestamp":"2024-05-25 13:09:09"}
{"level":"info","message":"User retrieved: masteradmin","timestamp":"2024-05-25 13:09:52"}
{"level":"info","message":"User retrieved: masteradmin","timestamp":"2024-05-25 13:09:53"}
{"level":"info","message":"User retrieved: masteradmin","timestamp":"2024-05-25 13:50:54"}
{"level":"info","message":"User retrieved: masteradmin","timestamp":"2024-05-25 14:00:04"}
{"level":"info","message":"User retrieved: masteradmin","timestamp":"2024-05-25 14:00:22"}
{"level":"info","message":"User retrieved: masteradmin","timestamp":"2024-05-25 14:00:23"}
{"level":"info","message":"User retrieved: masteradmin","timestamp":"2024-05-25 14:00:30"}
{"level":"info","message":"User retrieved: masteradmin","timestamp":"2024-05-25 14:00:30"}
{"level":"info","message":"User retrieved: masteradmin","timestamp":"2024-05-25 14:00:37"}
{"level":"info","message":"User retrieved: masteradmin","timestamp":"2024-05-25 14:00:37"}
{"level":"info","message":"User retrieved: masteradmin","timestamp":"2024-05-25 14:00:38"}
{"level":"info","message":"User retrieved: masteradmin","timestamp":"2024-05-25 14:03:22"}
{"level":"info","message":"User retrieved: masteradmin","timestamp":"2024-05-25 14:03:22"}
{"level":"info","message":"User retrieved: masteradmin","timestamp":"2024-05-25 14:03:23"}
{"level":"info","message":"User retrieved: masteradmin","timestamp":"2024-05-25 14:03:33"}
{"level":"info","message":"User retrieved: masteradmin","timestamp":"2024-05-25 14:03:33"}
{"level":"info","message":"User retrieved: masteradmin","timestamp":"2024-05-25 14:03:34"}
{"level":"info","message":"User retrieved: masteradmin","timestamp":"2024-05-25 14:03:57"}
{"level":"info","message":"User retrieved: masteradmin","timestamp":"2024-05-25 14:03:58"}
{"level":"info","message":"User retrieved: masteradmin","timestamp":"2024-05-25 14:03:59"}
{"level":"info","message":"User retrieved: masteradmin","timestamp":"2024-05-25 14:04:37"}
{"level":"info","message":"User retrieved: masteradmin","timestamp":"2024-05-25 14:04:37"}
{"level":"info","message":"Existing Google user logged in: gennarobarret","timestamp":"2024-05-25 14:04:49"}
{"level":"info","message":"User masteradmin Successful login","timestamp":"2024-05-25 14:07:29"}
{"level":"info","message":"User retrieved: masteradmin","timestamp":"2024-05-25 14:07:29"}
{"level":"info","message":"Existing Google user logged in: gennarobarret","timestamp":"2024-05-25 14:07:42"}
{"level":"info","message":"User retrieved: gennarobarret","timestamp":"2024-05-25 14:21:21"}
{"level":"info","message":"User retrieved: gennarobarret","timestamp":"2024-05-25 14:21:21"}
{"level":"info","message":"User retrieved: gennarobarret","timestamp":"2024-05-25 14:21:22"}
{"level":"info","message":"User retrieved: gennarobarret","timestamp":"2024-05-25 14:21:54"}
{"level":"info","message":"User retrieved: gennarobarret","timestamp":"2024-05-25 14:21:54"}
{"level":"info","message":"User retrieved: gennarobarret","timestamp":"2024-05-25 14:21:54"}
{"level":"info","message":"User retrieved: gennarobarret","timestamp":"2024-05-25 14:22:46"}
{"level":"info","message":"User retrieved: gennarobarret","timestamp":"2024-05-25 14:22:47"}
{"level":"info","message":"User retrieved: gennarobarret","timestamp":"2024-05-25 14:22:47"}
{"level":"info","message":"User retrieved: gennarobarret","timestamp":"2024-05-25 14:22:51"}
{"level":"info","message":"User retrieved: gennarobarret","timestamp":"2024-05-25 14:22:51"}
{"level":"info","message":"User retrieved: gennarobarret","timestamp":"2024-05-25 14:22:52"}
{"level":"info","message":"Existing Google user logged in: gennarobarret","timestamp":"2024-05-25 14:23:08"}
{"level":"info","message":"User retrieved: gennarobarret","timestamp":"2024-05-25 14:23:09"}
{"level":"info","message":"User retrieved: gennarobarret","timestamp":"2024-05-25 14:23:30"}
{"level":"info","message":"User masteradmin Successful login","timestamp":"2024-05-25 14:24:14"}
{"level":"info","message":"User retrieved: masteradmin","timestamp":"2024-05-25 14:24:15"}
{"level":"info","message":"User retrieved: masteradmin","timestamp":"2024-05-25 14:24:26"}
{"level":"info","message":"User retrieved: masteradmin","timestamp":"2024-05-25 14:24:27"}
{"level":"info","message":"User retrieved: masteradmin","timestamp":"2024-05-25 14:26:02"}
{"level":"info","message":"User retrieved: masteradmin","timestamp":"2024-05-25 14:26:02"}
{"level":"info","message":"User retrieved: masteradmin","timestamp":"2024-05-25 14:26:03"}
{"level":"info","message":"User retrieved: masteradmin","timestamp":"2024-05-25 14:28:02"}
{"level":"info","message":"User retrieved: masteradmin","timestamp":"2024-05-25 14:28:02"}
{"level":"info","message":"User retrieved: masteradmin","timestamp":"2024-05-25 14:28:04"}
{"level":"info","message":"User retrieved: masteradmin","timestamp":"2024-05-25 14:28:24"}
{"level":"info","message":"User retrieved: masteradmin","timestamp":"2024-05-25 14:28:24"}
{"level":"info","message":"User retrieved: masteradmin","timestamp":"2024-05-25 14:28:32"}
{"level":"info","message":"User retrieved: masteradmin","timestamp":"2024-05-25 14:28:32"}
{"level":"info","message":"User retrieved: masteradmin","timestamp":"2024-05-25 14:28:33"}
{"level":"info","message":"Existing Google user logged in: gennarobarret","timestamp":"2024-05-25 14:31:22"}
{"level":"info","message":"User retrieved: gennarobarret","timestamp":"2024-05-25 14:31:22"}
{"level":"info","message":"User retrieved: gennarobarret","timestamp":"2024-05-25 14:31:35"}
{"level":"info","message":"User retrieved: gennarobarret","timestamp":"2024-05-25 14:31:35"}
{"level":"info","message":"User masteradmin Successful login","timestamp":"2024-05-25 14:32:46"}
{"level":"info","message":"User retrieved: masteradmin","timestamp":"2024-05-25 14:32:46"}
{"level":"info","message":"Existing Google user logged in: gennarobarret","timestamp":"2024-05-25 14:33:03"}
{"level":"info","message":"User retrieved: gennarobarret","timestamp":"2024-05-25 14:33:03"}
{"level":"info","message":"User retrieved: gennarobarret","timestamp":"2024-05-25 14:33:11"}
{"level":"info","message":"User retrieved: gennarobarret","timestamp":"2024-05-25 14:33:11"}
{"level":"info","message":"User retrieved: gennarobarret","timestamp":"2024-05-25 14:33:27"}
{"level":"info","message":"User retrieved: gennarobarret","timestamp":"2024-05-25 14:33:27"}
{"level":"info","message":"User retrieved: gennarobarret","timestamp":"2024-05-25 14:33:28"}
{"level":"info","message":"User retrieved: gennarobarret","timestamp":"2024-05-25 14:33:48"}
{"level":"info","message":"User retrieved: gennarobarret","timestamp":"2024-05-25 14:33:48"}
{"level":"info","message":"User retrieved: gennarobarret","timestamp":"2024-05-25 14:33:53"}
{"level":"info","message":"User retrieved: gennarobarret","timestamp":"2024-05-25 14:33:53"}
{"level":"info","message":"User retrieved: gennarobarret","timestamp":"2024-05-25 14:33:54"}
{"level":"info","message":"Existing Google user logged in: gennarobarret","timestamp":"2024-05-25 14:34:02"}
{"level":"info","message":"User retrieved: gennarobarret","timestamp":"2024-05-25 14:34:02"}
{"level":"info","message":"User retrieved: gennarobarret","timestamp":"2024-05-25 14:35:29"}
{"level":"info","message":"User retrieved: gennarobarret","timestamp":"2024-05-25 14:35:56"}
{"level":"info","message":"User retrieved: gennarobarret","timestamp":"2024-05-25 14:36:11"}
{"level":"info","message":"User retrieved: gennarobarret","timestamp":"2024-05-25 14:36:11"}
{"level":"info","message":"User masteradmin Successful login","timestamp":"2024-05-25 14:36:29"}
{"level":"info","message":"User retrieved: masteradmin","timestamp":"2024-05-25 14:36:29"}
{"level":"info","message":"User masteradmin Successful login","timestamp":"2024-05-25 14:39:27"}
{"level":"info","message":"User retrieved: masteradmin","timestamp":"2024-05-25 14:39:27"}
{"level":"info","message":"User retrieved: masteradmin","timestamp":"2024-05-25 14:40:23"}
{"level":"info","message":"User retrieved: masteradmin","timestamp":"2024-05-25 14:42:47"}
{"level":"info","message":"User retrieved: masteradmin","timestamp":"2024-05-25 14:42:47"}
{"level":"info","message":"User retrieved: masteradmin","timestamp":"2024-05-25 14:43:22"}
{"level":"info","message":"User retrieved: masteradmin","timestamp":"2024-05-25 14:43:22"}
{"level":"info","message":"User retrieved: masteradmin","timestamp":"2024-05-25 14:43:53"}
{"level":"info","message":"User retrieved: masteradmin","timestamp":"2024-05-25 14:43:55"}
{"level":"info","message":"User retrieved: masteradmin","timestamp":"2024-05-25 14:44:25"}
{"level":"info","message":"User retrieved: masteradmin","timestamp":"2024-05-25 14:44:25"}
{"level":"info","message":"User retrieved: masteradmin","timestamp":"2024-05-25 14:46:25"}
{"level":"info","message":"User retrieved: masteradmin","timestamp":"2024-05-25 14:46:25"}
{"level":"info","message":"User retrieved: masteradmin","timestamp":"2024-05-25 14:46:33"}
{"level":"info","message":"User retrieved: masteradmin","timestamp":"2024-05-25 14:46:33"}
{"level":"info","message":"User retrieved: masteradmin","timestamp":"2024-05-25 14:48:00"}
{"level":"info","message":"User retrieved: masteradmin","timestamp":"2024-05-25 14:48:02"}
{"level":"info","message":"User retrieved: masteradmin","timestamp":"2024-05-25 14:48:03"}
{"level":"info","message":"User retrieved: masteradmin","timestamp":"2024-05-25 14:48:03"}
{"level":"info","message":"Existing Google user logged in: gennarobarret","timestamp":"2024-05-25 14:50:33"}
{"level":"info","message":"User retrieved: gennarobarret","timestamp":"2024-05-25 14:50:33"}
{"level":"info","message":"User retrieved: gennarobarret","timestamp":"2024-05-25 14:50:33"}
{"level":"info","message":"User masteradmin Successful login","timestamp":"2024-05-25 15:01:58"}
{"level":"info","message":"User retrieved: masteradmin","timestamp":"2024-05-25 15:01:58"}
{"level":"info","message":"User retrieved: masteradmin","timestamp":"2024-05-25 15:01:58"}
{"level":"info","message":"User retrieved: masteradmin","timestamp":"2024-05-25 15:02:09"}
{"level":"info","message":"User retrieved: masteradmin","timestamp":"2024-05-25 15:02:09"}
{"level":"info","message":"User retrieved: masteradmin","timestamp":"2024-05-25 15:02:16"}
{"level":"info","message":"User retrieved: masteradmin","timestamp":"2024-05-25 15:02:16"}
{"level":"info","message":"User retrieved: masteradmin","timestamp":"2024-05-25 15:06:48"}
{"level":"info","message":"User retrieved: masteradmin","timestamp":"2024-05-25 15:06:48"}
{"level":"info","message":"User retrieved: masteradmin","timestamp":"2024-05-25 15:06:48"}
{"level":"info","message":"User retrieved: masteradmin","timestamp":"2024-05-25 15:06:57"}
{"level":"info","message":"User masteradmin Successful login","timestamp":"2024-05-25 15:25:18"}
{"level":"info","message":"User retrieved: masteradmin","timestamp":"2024-05-25 15:25:18"}
{"level":"info","message":"User masteradmin Successful login","timestamp":"2024-05-25 15:35:40"}
{"level":"info","message":"User retrieved: masteradmin","timestamp":"2024-05-25 15:35:40"}
{"level":"info","message":"User masteradmin Successful login","timestamp":"2024-05-25 15:38:25"}
{"level":"info","message":"User retrieved: masteradmin","timestamp":"2024-05-25 15:38:25"}
{"level":"info","message":"User retrieved: masteradmin","timestamp":"2024-05-25 15:38:25"}
{"level":"info","message":"User retrieved: masteradmin","timestamp":"2024-05-25 15:41:39"}
{"level":"info","message":"User retrieved: masteradmin","timestamp":"2024-05-25 15:41:39"}
{"level":"info","message":"User retrieved: masteradmin","timestamp":"2024-05-25 15:41:48"}
{"level":"info","message":"User retrieved: masteradmin","timestamp":"2024-05-25 15:41:48"}
{"level":"info","message":"User retrieved: masteradmin","timestamp":"2024-05-25 15:42:03"}
{"level":"info","message":"User retrieved: masteradmin","timestamp":"2024-05-25 15:42:03"}
{"level":"info","message":"User retrieved: masteradmin","timestamp":"2024-05-25 15:42:22"}
{"level":"info","message":"User retrieved: masteradmin","timestamp":"2024-05-25 15:42:22"}
{"level":"info","message":"User masteradmin Successful login","timestamp":"2024-05-25 15:43:03"}
{"level":"info","message":"User retrieved: masteradmin","timestamp":"2024-05-25 15:43:03"}
{"level":"info","message":"User retrieved: masteradmin","timestamp":"2024-05-25 15:43:04"}
{"level":"info","message":"Existing Google user logged in: gennarobarret","timestamp":"2024-05-25 15:43:20"}
{"level":"info","message":"Existing Google user logged in: gennarobarret","timestamp":"2024-05-25 15:43:44"}
{"level":"info","message":"User masteradmin Successful login","timestamp":"2024-05-25 15:45:42"}
{"level":"info","message":"User retrieved: masteradmin","timestamp":"2024-05-25 15:45:42"}
{"level":"info","message":"User retrieved: masteradmin","timestamp":"2024-05-25 15:45:42"}
{"level":"info","message":"Existing Google user logged in: gennarobarret","timestamp":"2024-05-25 15:45:53"}
{"level":"info","message":"User retrieved: gennarobarret","timestamp":"2024-05-25 15:46:51"}
{"level":"info","message":"User retrieved: gennarobarret","timestamp":"2024-05-25 15:46:51"}
{"level":"info","message":"User masteradmin Successful login","timestamp":"2024-05-25 15:47:13"}
{"level":"info","message":"User retrieved: masteradmin","timestamp":"2024-05-25 15:47:13"}
{"level":"info","message":"User retrieved: masteradmin","timestamp":"2024-05-25 15:47:13"}
{"level":"info","message":"User retrieved: masteradmin","timestamp":"2024-05-25 15:47:26"}
{"level":"info","message":"User retrieved: masteradmin","timestamp":"2024-05-25 15:47:26"}
{"level":"info","message":"User retrieved: masteradmin","timestamp":"2024-05-25 15:48:10"}
{"level":"info","message":"User retrieved: masteradmin","timestamp":"2024-05-25 15:48:10"}
{"level":"info","message":"User retrieved: masteradmin","timestamp":"2024-05-25 15:48:10"}
{"level":"info","message":"User retrieved: masteradmin","timestamp":"2024-05-25 15:48:11"}
{"level":"info","message":"User retrieved: masteradmin","timestamp":"2024-05-25 15:50:45"}
{"level":"info","message":"User retrieved: masteradmin","timestamp":"2024-05-25 15:50:46"}
{"level":"info","message":"User retrieved: masteradmin","timestamp":"2024-05-25 15:51:17"}
{"level":"info","message":"User retrieved: masteradmin","timestamp":"2024-05-25 15:51:17"}
{"level":"info","message":"User retrieved: masteradmin","timestamp":"2024-05-25 15:51:17"}
{"level":"info","message":"User retrieved: masteradmin","timestamp":"2024-05-25 15:51:18"}
{"level":"info","message":"Connected to the MongoDB database.","timestamp":"2024-05-25 17:01:01"}
{"level":"info","message":"Initialization complete.","timestamp":"2024-05-25 17:01:01"}
{"level":"info","message":"Connected to the MongoDB database.","timestamp":"2024-05-25 17:09:32"}
{"level":"info","message":"Countries loaded successfully","timestamp":"2024-05-25 17:09:32"}
{"level":"info","message":"Connected to the MongoDB database.","timestamp":"2024-05-25 17:13:49"}
{"level":"info","message":"Countries loaded successfully","timestamp":"2024-05-25 17:13:49"}
{"level":"info","message":"Connected to the MongoDB database.","timestamp":"2024-05-25 17:16:24"}
{"level":"info","message":"Countries loaded successfully","timestamp":"2024-05-25 17:16:24"}
{"level":"info","message":"Connected to the MongoDB database.","timestamp":"2024-05-25 17:22:05"}
{"level":"info","message":"Countries loaded successfully","timestamp":"2024-05-25 17:22:05"}
{"level":"info","message":"Connected to the MongoDB database.","timestamp":"2024-05-25 17:28:34"}
{"level":"info","message":"Countries loaded successfully","timestamp":"2024-05-25 17:28:34"}
{"level":"info","message":"States loaded successfully","timestamp":"2024-05-25 17:28:34"}
{"level":"info","message":"User masteradmin Successful login","timestamp":"2024-05-25 17:29:54"}
{"level":"info","message":"Connected to the MongoDB database.","timestamp":"2024-05-25 17:33:17"}
{"level":"info","message":"Role migration complete.","timestamp":"2024-05-25 17:33:17"}
{"level":"info","message":"User masteradmin Successful login","timestamp":"2024-05-25 17:36:15"}
{"level":"info","message":"User retrieved: masteradmin","timestamp":"2024-05-25 17:37:04"}
{"level":"info","message":"Connected to the MongoDB database.","timestamp":"2024-05-25 17:47:20"}
{"level":"info","message":"Role migration complete.","timestamp":"2024-05-25 17:47:20"}
{"level":"info","message":"User masteradmin Successful login","timestamp":"2024-05-25 17:53:48"}
{"level":"info","message":"User retrieved: masteradmin","timestamp":"2024-05-25 18:07:25"}
{"level":"info","message":"User retrieved: masteradmin","timestamp":"2024-05-25 18:07:26"}
{"level":"info","message":"User retrieved: masteradmin","timestamp":"2024-05-25 18:07:27"}
{"level":"info","message":"User retrieved: masteradmin","timestamp":"2024-05-25 18:07:28"}
{"level":"info","message":"User retrieved: masteradmin","timestamp":"2024-05-25 18:09:39"}
{"level":"info","message":"User retrieved: masteradmin","timestamp":"2024-05-25 18:09:39"}
{"level":"info","message":"User retrieved: masteradmin","timestamp":"2024-05-25 18:09:40"}
{"level":"info","message":"User retrieved: masteradmin","timestamp":"2024-05-25 18:09:41"}
{"level":"info","message":"User retrieved: masteradmin","timestamp":"2024-05-25 18:11:29"}
{"level":"info","message":"User retrieved: masteradmin","timestamp":"2024-05-25 18:11:29"}
{"level":"info","message":"User retrieved: masteradmin","timestamp":"2024-05-25 18:11:29"}
{"level":"info","message":"User retrieved: masteradmin","timestamp":"2024-05-25 18:11:30"}
{"level":"info","message":"User retrieved: masteradmin","timestamp":"2024-05-25 18:13:28"}
{"level":"info","message":"User retrieved: masteradmin","timestamp":"2024-05-25 18:13:29"}
{"level":"info","message":"User retrieved: masteradmin","timestamp":"2024-05-25 18:13:29"}
{"level":"info","message":"User retrieved: masteradmin","timestamp":"2024-05-25 18:13:29"}
{"level":"info","message":"User retrieved: masteradmin","timestamp":"2024-05-25 18:14:48"}
{"level":"info","message":"User retrieved: masteradmin","timestamp":"2024-05-25 18:14:48"}
{"level":"info","message":"User retrieved: masteradmin","timestamp":"2024-05-25 18:14:48"}
{"level":"info","message":"User retrieved: masteradmin","timestamp":"2024-05-25 18:14:49"}
{"level":"error","message":"API Error: Cast to ObjectId failed for value \"28\" (type string) at path \"country\" for model \"State\"","method":"GET","path":"/api//states/country/28","stack":"Contact support.","status":500,"timestamp":"2024-05-25 18:52:36"}
{"_message":"AuditLog validation failed","errors":{"targetDoc":{"kind":"ObjectId","message":"Cast to ObjectId failed for value \"/api//states/country/28\" (type string) at path \"targetDoc\" because of \"BSONError\"","name":"CastError","path":"targetDoc","reason":{},"stringValue":"\"/api//states/country/28\"","value":"/api//states/country/28","valueType":"string"}},"level":"error","message":"Error creating audit log:  AuditLog validation failed: targetDoc: Cast to ObjectId failed for value \"/api//states/country/28\" (type string) at path \"targetDoc\" because of \"BSONError\"","stack":"ValidationError: AuditLog validation failed: targetDoc: Cast to ObjectId failed for value \"/api//states/country/28\" (type string) at path \"targetDoc\" because of \"BSONError\"\n    at Document.invalidate (C:\\Users\\Javier\\Documents\\proyectos\\e-commerce\\back\\node_modules\\mongoose\\lib\\document.js:3200:32)\n    at model.$set (C:\\Users\\Javier\\Documents\\proyectos\\e-commerce\\back\\node_modules\\mongoose\\lib\\document.js:1459:12)\n    at model.$set (C:\\Users\\Javier\\Documents\\proyectos\\e-commerce\\back\\node_modules\\mongoose\\lib\\document.js:1113:16)\n    at model.Document (C:\\Users\\Javier\\Documents\\proyectos\\e-commerce\\back\\node_modules\\mongoose\\lib\\document.js:166:12)\n    at model.Model (C:\\Users\\Javier\\Documents\\proyectos\\e-commerce\\back\\node_modules\\mongoose\\lib\\model.js:130:12)\n    at new model (C:\\Users\\Javier\\Documents\\proyectos\\e-commerce\\back\\node_modules\\mongoose\\lib\\model.js:4802:15)\n    at C:\\Users\\Javier\\Documents\\proyectos\\e-commerce\\back\\node_modules\\mongoose\\lib\\model.js:2944:20\n    at Array.map (<anonymous>)\n    at Function.create (C:\\Users\\Javier\\Documents\\proyectos\\e-commerce\\back\\node_modules\\mongoose\\lib\\model.js:2932:34)\n    at logAudit (C:\\Users\\Javier\\Documents\\proyectos\\e-commerce\\back\\helpers\\logAuditHelper.js:22:24)","timestamp":"2024-05-25 18:52:37"}
{"level":"error","message":"API Error: mongoose is not defined","method":"GET","path":"/api/states/country/665203a2ee4289d772c9aada","stack":"Contact support.","status":500,"timestamp":"2024-05-25 18:59:49"}
{"_message":"AuditLog validation failed","errors":{"targetDoc":{"kind":"ObjectId","message":"Cast to ObjectId failed for value \"/api/states/country/665203a2ee4289d772c9aada\" (type string) at path \"targetDoc\" because of \"BSONError\"","name":"CastError","path":"targetDoc","reason":{},"stringValue":"\"/api/states/country/665203a2ee4289d772c9aada\"","value":"/api/states/country/665203a2ee4289d772c9aada","valueType":"string"}},"level":"error","message":"Error creating audit log:  AuditLog validation failed: targetDoc: Cast to ObjectId failed for value \"/api/states/country/665203a2ee4289d772c9aada\" (type string) at path \"targetDoc\" because of \"BSONError\"","stack":"ValidationError: AuditLog validation failed: targetDoc: Cast to ObjectId failed for value \"/api/states/country/665203a2ee4289d772c9aada\" (type string) at path \"targetDoc\" because of \"BSONError\"\n    at Document.invalidate (C:\\Users\\Javier\\Documents\\proyectos\\e-commerce\\back\\node_modules\\mongoose\\lib\\document.js:3200:32)\n    at model.$set (C:\\Users\\Javier\\Documents\\proyectos\\e-commerce\\back\\node_modules\\mongoose\\lib\\document.js:1459:12)\n    at model.$set (C:\\Users\\Javier\\Documents\\proyectos\\e-commerce\\back\\node_modules\\mongoose\\lib\\document.js:1113:16)\n    at model.Document (C:\\Users\\Javier\\Documents\\proyectos\\e-commerce\\back\\node_modules\\mongoose\\lib\\document.js:166:12)\n    at model.Model (C:\\Users\\Javier\\Documents\\proyectos\\e-commerce\\back\\node_modules\\mongoose\\lib\\model.js:130:12)\n    at new model (C:\\Users\\Javier\\Documents\\proyectos\\e-commerce\\back\\node_modules\\mongoose\\lib\\model.js:4802:15)\n    at C:\\Users\\Javier\\Documents\\proyectos\\e-commerce\\back\\node_modules\\mongoose\\lib\\model.js:2944:20\n    at Array.map (<anonymous>)\n    at Function.create (C:\\Users\\Javier\\Documents\\proyectos\\e-commerce\\back\\node_modules\\mongoose\\lib\\model.js:2932:34)\n    at logAudit (C:\\Users\\Javier\\Documents\\proyectos\\e-commerce\\back\\helpers\\logAuditHelper.js:22:24)","timestamp":"2024-05-25 18:59:49"}
{"level":"error","message":"API Error: Class constructor ObjectId cannot be invoked without 'new'","method":"GET","path":"/api/states/country/665203a2ee4289d772c9aada","stack":"Contact support.","status":500,"timestamp":"2024-05-25 19:00:58"}
{"_message":"AuditLog validation failed","errors":{"targetDoc":{"kind":"ObjectId","message":"Cast to ObjectId failed for value \"/api/states/country/665203a2ee4289d772c9aada\" (type string) at path \"targetDoc\" because of \"BSONError\"","name":"CastError","path":"targetDoc","reason":{},"stringValue":"\"/api/states/country/665203a2ee4289d772c9aada\"","value":"/api/states/country/665203a2ee4289d772c9aada","valueType":"string"}},"level":"error","message":"Error creating audit log:  AuditLog validation failed: targetDoc: Cast to ObjectId failed for value \"/api/states/country/665203a2ee4289d772c9aada\" (type string) at path \"targetDoc\" because of \"BSONError\"","stack":"ValidationError: AuditLog validation failed: targetDoc: Cast to ObjectId failed for value \"/api/states/country/665203a2ee4289d772c9aada\" (type string) at path \"targetDoc\" because of \"BSONError\"\n    at Document.invalidate (C:\\Users\\Javier\\Documents\\proyectos\\e-commerce\\back\\node_modules\\mongoose\\lib\\document.js:3200:32)\n    at model.$set (C:\\Users\\Javier\\Documents\\proyectos\\e-commerce\\back\\node_modules\\mongoose\\lib\\document.js:1459:12)\n    at model.$set (C:\\Users\\Javier\\Documents\\proyectos\\e-commerce\\back\\node_modules\\mongoose\\lib\\document.js:1113:16)\n    at model.Document (C:\\Users\\Javier\\Documents\\proyectos\\e-commerce\\back\\node_modules\\mongoose\\lib\\document.js:166:12)\n    at model.Model (C:\\Users\\Javier\\Documents\\proyectos\\e-commerce\\back\\node_modules\\mongoose\\lib\\model.js:130:12)\n    at new model (C:\\Users\\Javier\\Documents\\proyectos\\e-commerce\\back\\node_modules\\mongoose\\lib\\model.js:4802:15)\n    at C:\\Users\\Javier\\Documents\\proyectos\\e-commerce\\back\\node_modules\\mongoose\\lib\\model.js:2944:20\n    at Array.map (<anonymous>)\n    at Function.create (C:\\Users\\Javier\\Documents\\proyectos\\e-commerce\\back\\node_modules\\mongoose\\lib\\model.js:2932:34)\n    at logAudit (C:\\Users\\Javier\\Documents\\proyectos\\e-commerce\\back\\helpers\\logAuditHelper.js:22:24)","timestamp":"2024-05-25 19:00:58"}
{"level":"info","message":"Connected to the MongoDB database.","timestamp":"2024-05-25 19:16:53"}
{"level":"info","message":"Countries loaded successfully","timestamp":"2024-05-25 19:16:53"}
{"level":"warn","message":"Country with id 28 not found for state Murcia","timestamp":"2024-05-25 19:16:53"}
{"level":"info","message":"Connected to the MongoDB database.","timestamp":"2024-05-25 19:18:32"}
{"level":"info","message":"Countries loaded successfully","timestamp":"2024-05-25 19:18:32"}
{"level":"warn","message":"Country with id 28 not found for state Murcia","timestamp":"2024-05-25 19:18:32"}
{"level":"info","message":"Connected to the MongoDB database.","timestamp":"2024-05-25 19:22:43"}
{"level":"info","message":"Countries loaded successfully","timestamp":"2024-05-25 19:22:43"}
{"level":"warn","message":"Country with id 28 not found for state Murcia","timestamp":"2024-05-25 19:22:43"}
{"level":"info","message":"Connected to the MongoDB database.","timestamp":"2024-05-25 19:25:27"}
{"level":"info","message":"Countries loaded successfully","timestamp":"2024-05-25 19:25:27"}
{"_message":"State validation failed","errors":{"country":{"kind":"required","message":"Path `country` is required.","name":"ValidatorError","path":"country","properties":{"message":"Path `country` is required.","path":"country","type":"required"}}},"level":"error","message":"Error loading data State validation failed: country: Path `country` is required.","stack":"ValidationError: State validation failed: country: Path `country` is required.\n    at Document.invalidate (C:\\Users\\Javier\\Documents\\proyectos\\e-commerce\\back\\node_modules\\mongoose\\lib\\document.js:3200:32)\n    at C:\\Users\\Javier\\Documents\\proyectos\\e-commerce\\back\\node_modules\\mongoose\\lib\\document.js:2993:17\n    at C:\\Users\\Javier\\Documents\\proyectos\\e-commerce\\back\\node_modules\\mongoose\\lib\\schemaType.js:1370:9\n    at process.processTicksAndRejections (node:internal/process/task_queues:77:11)","timestamp":"2024-05-25 19:25:27"}
{"level":"info","message":"Connected to the MongoDB database.","timestamp":"2024-05-25 19:26:35"}
{"level":"info","message":"Countries loaded successfully","timestamp":"2024-05-25 19:26:35"}
{"_message":"State validation failed","errors":{"country":{"kind":"required","message":"Path `country` is required.","name":"ValidatorError","path":"country","properties":{"message":"Path `country` is required.","path":"country","type":"required"}}},"level":"error","message":"Error loading data State validation failed: country: Path `country` is required.","stack":"ValidationError: State validation failed: country: Path `country` is required.\n    at Document.invalidate (C:\\Users\\Javier\\Documents\\proyectos\\e-commerce\\back\\node_modules\\mongoose\\lib\\document.js:3200:32)\n    at C:\\Users\\Javier\\Documents\\proyectos\\e-commerce\\back\\node_modules\\mongoose\\lib\\document.js:2993:17\n    at C:\\Users\\Javier\\Documents\\proyectos\\e-commerce\\back\\node_modules\\mongoose\\lib\\schemaType.js:1370:9\n    at process.processTicksAndRejections (node:internal/process/task_queues:77:11)","timestamp":"2024-05-25 19:26:35"}
{"level":"info","message":"Connected to the MongoDB database.","timestamp":"2024-05-25 19:27:47"}
{"level":"info","message":"Countries loaded successfully","timestamp":"2024-05-25 19:27:47"}
{"_message":"State validation failed","errors":{"country":{"kind":"required","message":"Path `country` is required.","name":"ValidatorError","path":"country","properties":{"message":"Path `country` is required.","path":"country","type":"required"}}},"level":"error","message":"Error loading data State validation failed: country: Path `country` is required.","stack":"ValidationError: State validation failed: country: Path `country` is required.\n    at Document.invalidate (C:\\Users\\Javier\\Documents\\proyectos\\e-commerce\\back\\node_modules\\mongoose\\lib\\document.js:3200:32)\n    at C:\\Users\\Javier\\Documents\\proyectos\\e-commerce\\back\\node_modules\\mongoose\\lib\\document.js:2993:17\n    at C:\\Users\\Javier\\Documents\\proyectos\\e-commerce\\back\\node_modules\\mongoose\\lib\\schemaType.js:1370:9\n    at process.processTicksAndRejections (node:internal/process/task_queues:77:11)","timestamp":"2024-05-25 19:27:47"}
{"level":"info","message":"Connected to the MongoDB database.","timestamp":"2024-05-25 19:28:41"}
{"level":"info","message":"Countries loaded successfully","timestamp":"2024-05-25 19:28:41"}
{"_message":"State validation failed","errors":{"country":{"kind":"required","message":"Path `country` is required.","name":"ValidatorError","path":"country","properties":{"message":"Path `country` is required.","path":"country","type":"required"}}},"level":"error","message":"Error loading data State validation failed: country: Path `country` is required.","stack":"ValidationError: State validation failed: country: Path `country` is required.\n    at Document.invalidate (C:\\Users\\Javier\\Documents\\proyectos\\e-commerce\\back\\node_modules\\mongoose\\lib\\document.js:3200:32)\n    at C:\\Users\\Javier\\Documents\\proyectos\\e-commerce\\back\\node_modules\\mongoose\\lib\\document.js:2993:17\n    at C:\\Users\\Javier\\Documents\\proyectos\\e-commerce\\back\\node_modules\\mongoose\\lib\\schemaType.js:1370:9\n    at process.processTicksAndRejections (node:internal/process/task_queues:77:11)","timestamp":"2024-05-25 19:28:41"}
{"level":"info","message":"Connected to the MongoDB database.","timestamp":"2024-05-25 19:29:15"}
{"level":"info","message":"Countries loaded successfully","timestamp":"2024-05-25 19:29:16"}
{"_message":"State validation failed","errors":{"country":{"kind":"required","message":"Path `country` is required.","name":"ValidatorError","path":"country","properties":{"message":"Path `country` is required.","path":"country","type":"required"}}},"level":"error","message":"Error loading data State validation failed: country: Path `country` is required.","stack":"ValidationError: State validation failed: country: Path `country` is required.\n    at Document.invalidate (C:\\Users\\Javier\\Documents\\proyectos\\e-commerce\\back\\node_modules\\mongoose\\lib\\document.js:3200:32)\n    at C:\\Users\\Javier\\Documents\\proyectos\\e-commerce\\back\\node_modules\\mongoose\\lib\\document.js:2993:17\n    at C:\\Users\\Javier\\Documents\\proyectos\\e-commerce\\back\\node_modules\\mongoose\\lib\\schemaType.js:1370:9\n    at process.processTicksAndRejections (node:internal/process/task_queues:77:11)","timestamp":"2024-05-25 19:29:16"}
{"level":"info","message":"Connected to the MongoDB database.","timestamp":"2024-05-25 19:29:32"}
{"level":"info","message":"Countries loaded successfully","timestamp":"2024-05-25 19:29:33"}
{"level":"error","message":"Error loading data Cannot read properties of undefined (reading '_id')","stack":"TypeError: Cannot read properties of undefined (reading '_id')\n    at C:\\Users\\Javier\\Documents\\proyectos\\e-commerce\\back\\loadData.js:51:45\n    at Array.map (<anonymous>)\n    at loadStates (C:\\Users\\Javier\\Documents\\proyectos\\e-commerce\\back\\loadData.js:49:44)\n    at process.processTicksAndRejections (node:internal/process/task_queues:95:5)\n    at async loadData (C:\\Users\\Javier\\Documents\\proyectos\\e-commerce\\back\\loadData.js:61:9)","timestamp":"2024-05-25 19:29:33"}
{"level":"info","message":"Connected to the MongoDB database.","timestamp":"2024-05-25 19:36:33"}
{"level":"info","message":"Countries loaded successfully","timestamp":"2024-05-25 19:36:33"}
{"level":"error","message":"Error loading data Cannot read properties of undefined (reading '_id')","stack":"TypeError: Cannot read properties of undefined (reading '_id')\n    at C:\\Users\\Javier\\Documents\\proyectos\\e-commerce\\back\\loadData.js:51:45\n    at Array.map (<anonymous>)\n    at loadStates (C:\\Users\\Javier\\Documents\\proyectos\\e-commerce\\back\\loadData.js:49:44)\n    at process.processTicksAndRejections (node:internal/process/task_queues:95:5)\n    at async loadData (C:\\Users\\Javier\\Documents\\proyectos\\e-commerce\\back\\loadData.js:61:9)","timestamp":"2024-05-25 19:36:33"}
{"level":"info","message":"Connected to the MongoDB database.","timestamp":"2024-05-25 19:38:40"}
{"level":"info","message":"Countries loaded successfully","timestamp":"2024-05-25 19:38:40"}
{"level":"warn","message":"Country with id 28 not found for state Murcia","timestamp":"2024-05-25 19:38:40"}
{"level":"info","message":"Connected to the MongoDB database.","timestamp":"2024-05-25 19:48:40"}
{"level":"info","message":"Countries loaded successfully","timestamp":"2024-05-25 19:48:40"}
{"level":"warn","message":"Country with id 28 not found for state Murcia","timestamp":"2024-05-25 19:48:40"}
