{"level":"warn","message":"Failed login attempt for user: masteradmin from IP: ::ffff:127.0.0.1","timestamp":"2024-04-23 00:59:10"}
{"level":"error","message":"Login error for user masteradmin: Invalid credentials","stack":"Error: Invalid credentials\n    at loginUser (C:\\Users\\Javier\\Documents\\proyectos\\e-commerce\\back\\controllers\\AuthControllers.js:106:19)\n    at process.processTicksAndRejections (node:internal/process/task_queues:95:5)","timestamp":"2024-04-23 00:59:11"}
{"level":"error","message":"controller error: Invalid credentials","stack":"Error: Invalid credentials\n    at loginUser (C:\\Users\\Javier\\Documents\\proyectos\\e-commerce\\back\\controllers\\AuthControllers.js:106:19)\n    at process.processTicksAndRejections (node:internal/process/task_queues:95:5)","statusCode":401,"timestamp":"2024-04-23 00:59:11"}
{"level":"warn","message":"Failed login attempt for user: masteradmin from IP: ::ffff:127.0.0.1","timestamp":"2024-04-23 00:59:53"}
{"level":"error","message":"Login error for user masteradmin: Invalid credentials","stack":"Error: Invalid credentials\n    at loginUser (C:\\Users\\Javier\\Documents\\proyectos\\e-commerce\\back\\controllers\\AuthControllers.js:106:19)\n    at process.processTicksAndRejections (node:internal/process/task_queues:95:5)","timestamp":"2024-04-23 00:59:53"}
{"level":"error","message":"controller error: Invalid credentials","stack":"Error: Invalid credentials\n    at loginUser (C:\\Users\\Javier\\Documents\\proyectos\\e-commerce\\back\\controllers\\AuthControllers.js:106:19)\n    at process.processTicksAndRejections (node:internal/process/task_queues:95:5)","statusCode":401,"timestamp":"2024-04-23 00:59:53"}
{"level":"warn","message":"Failed login attempt for user: masteradmin from IP: ::ffff:127.0.0.1","timestamp":"2024-04-23 01:01:29"}
{"level":"error","message":"Login error for user masteradmin: Invalid credentials","stack":"Error: Invalid credentials\n    at loginUser (C:\\Users\\Javier\\Documents\\proyectos\\e-commerce\\back\\controllers\\AuthControllers.js:106:19)\n    at process.processTicksAndRejections (node:internal/process/task_queues:95:5)","timestamp":"2024-04-23 01:01:29"}
{"level":"error","message":"controller error: Invalid credentials","stack":"Error: Invalid credentials\n    at loginUser (C:\\Users\\Javier\\Documents\\proyectos\\e-commerce\\back\\controllers\\AuthControllers.js:106:19)\n    at process.processTicksAndRejections (node:internal/process/task_queues:95:5)","statusCode":401,"timestamp":"2024-04-23 01:01:29"}
{"level":"info","message":"User masteradmin Successful login","timestamp":"2024-04-23 01:01:36"}
{"level":"info","message":"User masteradmin Successful login","timestamp":"2024-04-23 01:02:03"}
{"level":"info","message":"User masteradmin Successful login","timestamp":"2024-04-23 01:03:40"}
{"level":"info","message":"User masteradmin Successful login","timestamp":"2024-04-23 01:03:58"}
{"level":"info","message":"User gennarobarret registered with Google","timestamp":"2024-04-23 01:04:55"}
{"level":"info","message":"User masteradmin Successful login","timestamp":"2024-04-23 01:09:20"}
{"level":"info","message":"User masteradmin Successful login","timestamp":"2024-04-23 19:27:19"}
{"level":"info","message":"User masteradmin Successful login","timestamp":"2024-04-23 19:27:32"}
{"level":"info","message":"User masteradmin Successful login","timestamp":"2024-04-23 19:56:33"}
{"level":"info","message":"User masteradmin Successful login","timestamp":"2024-04-23 19:56:47"}
{"level":"info","message":"User gennarobarret logged in with Google","timestamp":"2024-04-23 19:57:27"}
{"level":"warn","message":"Failed login attempt for user: masteradmin from IP: ::ffff:127.0.0.1","timestamp":"2024-04-23 20:02:57"}
{"level":"error","message":"Login error for user masteradmin: Invalid credentials","stack":"Error: Invalid credentials\n    at loginUser (C:\\Users\\Javier\\Documents\\proyectos\\e-commerce\\back\\controllers\\AuthControllers.js:105:19)\n    at process.processTicksAndRejections (node:internal/process/task_queues:95:5)","timestamp":"2024-04-23 20:02:57"}
{"level":"error","message":"controller error: Invalid credentials","stack":"Error: Invalid credentials\n    at loginUser (C:\\Users\\Javier\\Documents\\proyectos\\e-commerce\\back\\controllers\\AuthControllers.js:105:19)\n    at process.processTicksAndRejections (node:internal/process/task_queues:95:5)","statusCode":401,"timestamp":"2024-04-23 20:02:57"}
{"level":"warn","message":"Login attempt for non-existing user: masteradmin1 from IP: ::ffff:127.0.0.1","timestamp":"2024-04-23 20:03:01"}
{"level":"error","message":"Login error for user masteradmin1: Invalid credentials","stack":"Error: Invalid credentials\n    at loginUser (C:\\Users\\Javier\\Documents\\proyectos\\e-commerce\\back\\controllers\\AuthControllers.js:79:19)\n    at process.processTicksAndRejections (node:internal/process/task_queues:95:5)","timestamp":"2024-04-23 20:03:01"}
{"level":"error","message":"controller error: Invalid credentials","stack":"Error: Invalid credentials\n    at loginUser (C:\\Users\\Javier\\Documents\\proyectos\\e-commerce\\back\\controllers\\AuthControllers.js:79:19)\n    at process.processTicksAndRejections (node:internal/process/task_queues:95:5)","statusCode":401,"timestamp":"2024-04-23 20:03:01"}
{"level":"info","message":"User masteradmin Successful login","timestamp":"2024-04-23 20:03:27"}
{"level":"info","message":"User gennarobarret logged in with Google","timestamp":"2024-04-23 21:16:15"}
{"level":"info","message":"User masteradmin Successful login","timestamp":"2024-04-23 21:19:26"}
{"level":"info","message":"User masteradmin Successful login","timestamp":"2024-04-23 21:24:50"}
{"level":"info","message":"User gennarobarret logged in with Google","timestamp":"2024-04-23 21:25:02"}
{"level":"info","message":"User gennarobarret logged in with Google","timestamp":"2024-04-23 21:27:24"}
{"level":"info","message":"User gennarobarret logged in with Google","timestamp":"2024-04-23 21:42:44"}
{"level":"info","message":"User gennarobarret logged in with Google","timestamp":"2024-04-23 21:43:25"}
{"level":"info","message":"User gennarobarret logged in with Google","timestamp":"2024-04-23 22:34:16"}
{"level":"info","message":"User masteradmin Successful login","timestamp":"2024-04-23 22:37:39"}
{"level":"info","message":"User gennarobarret logged in with Google","timestamp":"2024-04-23 22:40:16"}
{"level":"info","message":"User gennarobarret logged in with Google","timestamp":"2024-04-23 22:47:00"}
{"level":"info","message":"User gennarobarret logged in with Google","timestamp":"2024-04-23 22:52:45"}
{"level":"info","message":"User gennarobarret logged in with Google","timestamp":"2024-04-23 22:58:44"}
{"level":"info","message":"User jfbgennaro registered with Google","timestamp":"2024-04-23 22:58:55"}
{"level":"info","message":"User masteradmin Successful login","timestamp":"2024-04-23 23:20:16"}
{"level":"info","message":"User gennarobarret logged in with Google","timestamp":"2024-04-23 23:33:34"}
{"level":"info","message":"User jfbgennaro logged in with Google","timestamp":"2024-04-23 23:37:31"}
{"level":"info","message":"User masteradmin Successful login","timestamp":"2024-04-23 23:43:08"}
{"level":"info","message":"User masteradmin Successful login","timestamp":"2024-04-23 23:49:52"}
{"level":"info","message":"User masteradmin Successful login","timestamp":"2024-04-23 23:50:52"}
{"level":"info","message":"User masteradmin Successful login","timestamp":"2024-04-23 23:59:31"}
