{"level":"info","message":"User masteradmin Successful login","timestamp":"2024-04-24 00:01:34"}
{"level":"info","message":"User masteradmin Successful login","timestamp":"2024-04-24 00:02:04"}
{"level":"info","message":"User masteradmin Successful login","timestamp":"2024-04-24 00:07:35"}
{"level":"info","message":"User masteradmin Successful login","timestamp":"2024-04-24 00:09:44"}
{"level":"info","message":"User masteradmin Successful login","timestamp":"2024-04-24 00:15:20"}
{"level":"info","message":"User masteradmin Successful login","timestamp":"2024-04-24 00:15:56"}
{"level":"info","message":"User masteradmin Successful login","timestamp":"2024-04-24 00:26:57"}
{"level":"info","message":"User masteradmin Successful login","timestamp":"2024-04-24 00:33:31"}
{"level":"info","message":"User masteradmin Successful login","timestamp":"2024-04-24 00:35:04"}
{"level":"info","message":"User masteradmin Successful login","timestamp":"2024-04-24 00:36:45"}
{"level":"info","message":"User masteradmin Successful login","timestamp":"2024-04-24 00:37:32"}
{"level":"info","message":"User masteradmin Successful login","timestamp":"2024-04-24 00:40:07"}
{"level":"info","message":"User masteradmin Successful login","timestamp":"2024-04-24 00:41:42"}
{"level":"info","message":"User masteradmin Successful login","timestamp":"2024-04-24 00:41:52"}
{"level":"error","message":"Forgot password error: buildResetUrl is not defined from IP: ::ffff:127.0.0.1","stack":"ReferenceError: buildResetUrl is not defined\n    at forgotPassword (C:\\Users\\Javier\\Documents\\proyectos\\e-commerce\\back\\controllers\\AuthControllers.js:229:26)\n    at process.processTicksAndRejections (node:internal/process/task_queues:95:5)","timestamp":"2024-04-24 00:43:55"}
{"level":"error","message":"Controller error: buildResetUrl is not defined","method":"POST","path":"/api/forgotPassword","stack":"ReferenceError: buildResetUrl is not defined\n    at forgotPassword (C:\\Users\\Javier\\Documents\\proyectos\\e-commerce\\back\\controllers\\AuthControllers.js:229:26)\n    at process.processTicksAndRejections (node:internal/process/task_queues:95:5)","timestamp":"2024-04-24 00:43:55"}
{"level":"info","message":"User masteradmin Successful login","timestamp":"2024-04-24 15:18:38"}
{"level":"info","message":"User masteradmin Successful login","timestamp":"2024-04-24 15:31:10"}
{"level":"info","message":"User gennarobarret logged in with Google","timestamp":"2024-04-24 15:31:26"}
{"level":"info","message":"User gennarobarret logged in with Google","timestamp":"2024-04-24 15:36:17"}
{"level":"info","message":"User gennarobarret logged in with Google","timestamp":"2024-04-24 15:43:34"}
{"level":"info","message":"User gennarobarret logged in with Google","timestamp":"2024-04-24 15:44:40"}
{"level":"info","message":"User gennarobarret logged in with Google","timestamp":"2024-04-24 15:46:13"}
{"level":"info","message":"User gennarobarret logged in with Google","timestamp":"2024-04-24 15:49:10"}
{"level":"info","message":"User gennarobarret logged in with Google","timestamp":"2024-04-24 15:51:24"}
{"level":"info","message":"User masteradmin Successful login","timestamp":"2024-04-24 16:01:18"}
{"level":"info","message":"User masteradmin Successful login","timestamp":"2024-04-24 16:03:40"}
{"level":"info","message":"User gennarobarret logged in with Google","timestamp":"2024-04-24 16:03:50"}
{"level":"error","message":"Error during Google authentication: createToken is not defined","stack":"ReferenceError: createToken is not defined\n    at authenticateWithGoogle (C:\\Users\\Javier\\Documents\\proyectos\\e-commerce\\back\\controllers\\AuthControllers.js:371:27)\n    at process.processTicksAndRejections (node:internal/process/task_queues:95:5)","timestamp":"2024-04-24 16:03:50"}
{"level":"info","message":"User gennarobarret logged in with Google","timestamp":"2024-04-24 20:49:16"}
{"level":"error","message":"Error during Google authentication: createToken is not defined","stack":"ReferenceError: createToken is not defined\n    at authenticateWithGoogle (C:\\Users\\Javier\\Documents\\proyectos\\e-commerce\\back\\controllers\\AuthControllers.js:371:27)\n    at process.processTicksAndRejections (node:internal/process/task_queues:95:5)","timestamp":"2024-04-24 20:49:16"}
{"level":"info","message":"User gennarobarret logged in with Google","timestamp":"2024-04-24 20:57:15"}
{"level":"error","message":"Error during Google authentication: createToken is not defined","stack":"ReferenceError: createToken is not defined\n    at authenticateWithGoogle (C:\\Users\\Javier\\Documents\\proyectos\\e-commerce\\back\\controllers\\AuthControllers.js:371:27)\n    at process.processTicksAndRejections (node:internal/process/task_queues:95:5)","timestamp":"2024-04-24 20:57:22"}
{"level":"info","message":"User gennarobarret logged in with Google","timestamp":"2024-04-24 21:01:01"}
{"level":"info","message":"User gennarobarret logged in with Google","timestamp":"2024-04-24 21:01:59"}
{"level":"info","message":"User gennarobarret logged in with Google","timestamp":"2024-04-24 21:02:11"}
{"level":"info","message":"User gennarobarret logged in with Google","timestamp":"2024-04-24 21:06:25"}
{"level":"info","message":"User gennarobarret logged in with Google","timestamp":"2024-04-24 21:08:02"}
{"level":"info","message":"User gennarobarret logged in with Google","timestamp":"2024-04-24 21:12:59"}
{"level":"info","message":"User masteradmin Successful login","timestamp":"2024-04-24 21:15:24"}
{"level":"info","message":"User gennarobarret logged in with Google","timestamp":"2024-04-24 21:15:34"}
{"level":"info","message":"User gennarobarret logged in with Google","timestamp":"2024-04-24 21:17:34"}
{"level":"info","message":"User gennarobarret logged in with Google","timestamp":"2024-04-24 21:21:17"}
{"level":"info","message":"User masteradmin Successful login","timestamp":"2024-04-24 21:22:05"}
{"level":"info","message":"User masteradmin Successful login","timestamp":"2024-04-24 21:32:52"}
{"level":"info","message":"User masteradmin Successful login","timestamp":"2024-04-24 21:38:22"}
{"level":"info","message":"User gennarobarret logged in with Google","timestamp":"2024-04-24 21:48:09"}
{"level":"info","message":"User gennarobarret logged in with Google","timestamp":"2024-04-24 21:48:41"}
{"level":"info","message":"User gennarobarret logged in with Google","timestamp":"2024-04-24 21:49:10"}
{"level":"info","message":"User masteradmin Successful login","timestamp":"2024-04-24 21:50:05"}
{"level":"info","message":"User masteradmin Successful login","timestamp":"2024-04-24 21:59:09"}
{"level":"info","message":"User gennarobarret logged in with Google","timestamp":"2024-04-24 21:59:20"}
{"level":"warn","message":"Login attempt for non-existing user: masteradmin2 from IP: ::ffff:127.0.0.1","timestamp":"2024-04-24 22:09:47"}
{"level":"error","message":"Login error for user masteradmin2: Invalid credentials","stack":"Error: Invalid credentials\n    at loginUser (C:\\Users\\Javier\\Documents\\proyectos\\e-commerce\\back\\controllers\\AuthControllers.js:82:19)\n    at process.processTicksAndRejections (node:internal/process/task_queues:95:5)","timestamp":"2024-04-24 22:09:47"}
{"level":"error","message":"Controller error: Invalid credentials","method":"POST","path":"/api/loginUser","stack":"Error: Invalid credentials\n    at loginUser (C:\\Users\\Javier\\Documents\\proyectos\\e-commerce\\back\\controllers\\AuthControllers.js:82:19)\n    at process.processTicksAndRejections (node:internal/process/task_queues:95:5)","timestamp":"2024-04-24 22:09:47"}
{"level":"warn","message":"Failed login attempt for user: masteradmin from IP: ::ffff:127.0.0.1","timestamp":"2024-04-24 22:24:06"}
{"level":"error","message":"Login error for user masteradmin: Invalid credentials","stack":"Error: Invalid credentials\n    at loginUser (C:\\Users\\Javier\\Documents\\proyectos\\e-commerce\\back\\controllers\\AuthControllers.js:108:19)\n    at process.processTicksAndRejections (node:internal/process/task_queues:95:5)","timestamp":"2024-04-24 22:24:06"}
{"level":"error","message":"Controller error: Invalid credentials","method":"POST","path":"/api/loginUser","stack":"Error: Invalid credentials\n    at loginUser (C:\\Users\\Javier\\Documents\\proyectos\\e-commerce\\back\\controllers\\AuthControllers.js:108:19)\n    at process.processTicksAndRejections (node:internal/process/task_queues:95:5)","timestamp":"2024-04-24 22:24:06"}
{"level":"info","message":"User masteradmin Successful login","timestamp":"2024-04-24 22:40:18"}
{"level":"info","message":"User gennarobarret logged in with Google","timestamp":"2024-04-24 22:40:34"}
{"level":"info","message":"User masteradmin Successful login","timestamp":"2024-04-24 22:40:42"}
{"level":"warn","message":"Login attempt for non-existing user: masteradmin2 from IP: ::ffff:127.0.0.1","timestamp":"2024-04-24 22:40:51"}
{"level":"error","message":"Login error for user masteradmin2: Invalid credentials","stack":"Error: Invalid credentials\n    at loginUser (C:\\Users\\Javier\\Documents\\proyectos\\e-commerce\\back\\controllers\\AuthControllers.js:82:19)\n    at process.processTicksAndRejections (node:internal/process/task_queues:95:5)","timestamp":"2024-04-24 22:40:51"}
{"level":"error","message":"Controller error: Invalid credentials","method":"POST","path":"/api/loginUser","stack":"Error: Invalid credentials\n    at loginUser (C:\\Users\\Javier\\Documents\\proyectos\\e-commerce\\back\\controllers\\AuthControllers.js:82:19)\n    at process.processTicksAndRejections (node:internal/process/task_queues:95:5)","timestamp":"2024-04-24 22:40:51"}
{"level":"warn","message":"Failed login attempt for user: masteradmin from IP: ::ffff:127.0.0.1","timestamp":"2024-04-24 22:41:00"}
{"level":"error","message":"Login error for user masteradmin: Invalid credentials","stack":"Error: Invalid credentials\n    at loginUser (C:\\Users\\Javier\\Documents\\proyectos\\e-commerce\\back\\controllers\\AuthControllers.js:108:19)\n    at process.processTicksAndRejections (node:internal/process/task_queues:95:5)","timestamp":"2024-04-24 22:41:00"}
{"level":"error","message":"Controller error: Invalid credentials","method":"POST","path":"/api/loginUser","stack":"Error: Invalid credentials\n    at loginUser (C:\\Users\\Javier\\Documents\\proyectos\\e-commerce\\back\\controllers\\AuthControllers.js:108:19)\n    at process.processTicksAndRejections (node:internal/process/task_queues:95:5)","timestamp":"2024-04-24 22:41:00"}
{"level":"warn","message":"Failed login attempt for user: masteradmin from IP: ::ffff:127.0.0.1","timestamp":"2024-04-24 22:57:27"}
{"level":"error","message":"Login error for user masteradmin: Invalid credentials","stack":"Error: Invalid credentials\n    at loginUser (C:\\Users\\Javier\\Documents\\proyectos\\e-commerce\\back\\controllers\\AuthControllers.js:108:19)\n    at process.processTicksAndRejections (node:internal/process/task_queues:95:5)","timestamp":"2024-04-24 22:57:37"}
{"level":"error","message":"Controller error: Invalid credentials","method":"POST","path":"/api/loginUser","stack":"Error: Invalid credentials\n    at loginUser (C:\\Users\\Javier\\Documents\\proyectos\\e-commerce\\back\\controllers\\AuthControllers.js:108:19)\n    at process.processTicksAndRejections (node:internal/process/task_queues:95:5)","timestamp":"2024-04-24 22:57:37"}
