{"level":"warn","message":"Failed login attempt for user: masteradmin from IP: ::ffff:127.0.0.1","timestamp":"2024-05-03 01:22:39"}
{"level":"error","message":"Login error for user masteradmin: Invalid credentials","stack":"Error: Invalid credentials\n    at loginUser (C:\\Users\\Javier\\Documents\\proyectos\\e-commerce\\back\\controllers\\AuthControllers.js:108:19)\n    at process.processTicksAndRejections (node:internal/process/task_queues:95:5)","timestamp":"2024-05-03 01:22:40"}
{"level":"error","message":"Controller error: Invalid credentials","method":"POST","path":"/api/loginUser","stack":"Error: Invalid credentials\n    at loginUser (C:\\Users\\Javier\\Documents\\proyectos\\e-commerce\\back\\controllers\\AuthControllers.js:108:19)\n    at process.processTicksAndRejections (node:internal/process/task_queues:95:5)","timestamp":"2024-05-03 01:22:40"}
{"level":"info","message":"User masteradmin Successful login","timestamp":"2024-05-03 01:22:48"}
{"level":"info","message":"User gennarobarret logged in with Google","timestamp":"2024-05-03 01:46:52"}
{"level":"info","message":"User gennarobarret logged in with Google","timestamp":"2024-05-03 02:26:44"}
{"level":"info","message":"User gennarobarret logged in with Google","timestamp":"2024-05-03 02:39:43"}
{"level":"info","message":"User gennarobarret logged in with Google","timestamp":"2024-05-03 02:39:53"}
{"level":"info","message":"User masteradmin Successful login","timestamp":"2024-05-03 02:40:16"}
{"level":"info","message":"User masteradmin Successful login","timestamp":"2024-05-03 02:50:47"}
{"level":"info","message":"User gennarobarret logged in with Google","timestamp":"2024-05-03 02:52:06"}
{"level":"info","message":"User masteradmin Successful login","timestamp":"2024-05-03 02:52:43"}
{"level":"info","message":"User gennarobarret logged in with Google","timestamp":"2024-05-03 02:57:42"}
{"level":"warn","message":"Login attempt for non-existing user: sdsad from IP: ::ffff:127.0.0.1","timestamp":"2024-05-03 03:09:07"}
{"level":"error","message":"Login error for user sdsad: Invalid credentials","stack":"Error: Invalid credentials\n    at loginUser (C:\\Users\\Javier\\Documents\\proyectos\\e-commerce\\back\\controllers\\AuthControllers.js:83:19)\n    at process.processTicksAndRejections (node:internal/process/task_queues:95:5)","timestamp":"2024-05-03 03:09:08"}
{"level":"error","message":"Controller error: Invalid credentials","method":"POST","path":"/api/loginUser","stack":"Error: Invalid credentials\n    at loginUser (C:\\Users\\Javier\\Documents\\proyectos\\e-commerce\\back\\controllers\\AuthControllers.js:83:19)\n    at process.processTicksAndRejections (node:internal/process/task_queues:95:5)","timestamp":"2024-05-03 03:09:08"}
{"level":"info","message":"Forgot password attempt for non-existing email: asdsa@asdjkasd.com from IP: ::ffff:127.0.0.1","timestamp":"2024-05-03 03:09:21"}
{"level":"error","message":"Forgot password error: If the email exists in our system, a password reset email will be sent. from IP: ::ffff:127.0.0.1","stack":"Error: If the email exists in our system, a password reset email will be sent.\n    at forgotPassword (C:\\Users\\Javier\\Documents\\proyectos\\e-commerce\\back\\controllers\\AuthControllers.js:283:19)\n    at process.processTicksAndRejections (node:internal/process/task_queues:95:5)","timestamp":"2024-05-03 03:09:21"}
{"level":"error","message":"Controller error: If the email exists in our system, a password reset email will be sent.","method":"POST","path":"/api/forgotPassword","stack":"Error: If the email exists in our system, a password reset email will be sent.\n    at forgotPassword (C:\\Users\\Javier\\Documents\\proyectos\\e-commerce\\back\\controllers\\AuthControllers.js:283:19)\n    at process.processTicksAndRejections (node:internal/process/task_queues:95:5)","timestamp":"2024-05-03 03:09:21"}
{"level":"info","message":"User masteradmin Successful login","timestamp":"2024-05-03 03:12:29"}
{"level":"info","message":"User masteradmin Successful login","timestamp":"2024-05-03 03:12:49"}
{"level":"info","message":"User masteradmin Successful login","timestamp":"2024-05-03 03:28:01"}
